FHIR IG Publisher Version 1.7.1 (Git# 74ea670a3891). Built 2024-10-25T03:52:19.844Z (19 days old)
Detected Java version: 21.0.2 from C:\Program Files\Java\jdk-21 on amd64 (64bit). 7884MB available
dir = C:\Users\franco.ulloa\Documents\sushi\IPSCL_PUBLISH_Hl7\IPS-CL, path = C:\Users\franco.ulloa\AppData\Local\anaconda3;C:\Users\franco.ulloa\AppData\Local\anaconda3\Library\mingw-w64\bin;C:\Users\franco.ulloa\AppData\Local\anaconda3\Library\usr\bin;C:\Users\franco.ulloa\AppData\Local\anaconda3\Library\bin;C:\Users\franco.ulloa\AppData\Local\anaconda3\Scripts;C:\Users\franco.ulloa\AppData\Local\anaconda3\bin;C:\Users\franco.ulloa\AppData\Local\anaconda3\condabin;C:\Program Files\PowerShell\7;C:\Program Files\Common Files\Oracle\Java\javapath;C:\Windows\system32;C:\Windows;C:\Windows\System32\Wbem;C:\Windows\System32\WindowsPowerShell\v1.0;C:\Windows\System32\OpenSSH;C:\Users\franco.ulloa\AppData\Roaming\nvm;C:\Program Files\nodejs;C:\Program Files\Amazon\AWSCLIV2;C:\Program Files\Java\jdk-21\bin;C:\apache-maven-3.9.6\bin;C:\Program Files\PowerShell\7;C:\Program Files\Git\cmd;C:\Program Files\Docker\Docker\resources\bin;C:\Ruby32-x64\bin;C:\Users\franco.ulloa\AppData\Local\anaconda3;C:\Users\franco.ulloa\AppData\Local\anaconda3\Library\mingw-w64\bin;C:\Users\franco.ulloa\AppData\Local\anaconda3\Library\usr\bin;C:\Users\franco.ulloa\AppData\Local\anaconda3\Library\bin;C:\Users\franco.ulloa\AppData\Local\anaconda3\Scripts;C:\Users\franco.ulloa\AppData\Local\Microsoft\WindowsApps;C:\Users\franco.ulloa\AppData\Roaming\nvm;C:\Program Files\nodejs;C:\Users\franco.ulloa\AppData\Local\Programs\Microsoft VS Code\bin;C:\Program Files\JetBrains\DataGrip 2023.3.3\bin;.;C:\Program Files\Java\jdk-21;C:\Program Files\Java\jdk-21\bin;C:\apache-maven-3.9.6\bin;.
Parameters: -go-publish -source C:\Users\franco.ulloa\Documents\sushi\ipscl_publish_hl7\IPS-CL\ -web C:\Users\franco.ulloa\Documents\sushi\ipscl_publish_hl7\clips\ -registry C:\Users\franco.ulloa\Documents\sushi\ipscl_publish_hl7\ig-registry-master\fhir-ig-list.json -history C:\Users\franco.ulloa\Documents\sushi\ipscl_publish_hl7\fhir-ig-history-template-master\ -temp C:\Users\franco.ulloa\Documents\sushi\ipscl_publish_hl7\temp -templates C:\Users\franco.ulloa\Documents\sushi\ipscl_publish_hl7\clips\templates
---------------
Publication Run: publish C:\Users\franco.ulloa\Documents\sushi\ipscl_publish_hl7\IPS-CL\ to C:\Users\franco.ulloa\Documents\sushi\ipscl_publish_hl7\clips\
Run Number: 2
Relative directory for IG is '\'
===== Web Publication Run Details ===============================
 Source IG: hl7.fhir.cl.clips#0.2.0 : https://hl7chile.cl/fhir/ig/clips (R4) from C:\Users\franco.ulloa\Documents\sushi\ipscl_publish_hl7\IPS-CL\
All checks passed. Do the publication build from C:\Users\franco.ulloa\Documents\sushi\ipscl_publish_hl7\IPS-CL and publish to C:\Users\franco.ulloa\Documents\sushi\ipscl_publish_hl7\temp\web-root\run-20241113\
Prepare Build space in C:\Users\franco.ulloa\Documents\sushi\ipscl_publish_hl7\temp\hl7.fhir.cl.clips#0.2.0
Build IG at C:\Users\franco.ulloa\Documents\sushi\ipscl_publish_hl7\IPS-CL: final copy suitable for publication (in C:\Users\franco.ulloa\Documents\sushi\ipscl_publish_hl7\temp\hl7.fhir.cl.clips#0.2.0)
FHIR IG Publisher Version 1.7.1 (Git# 74ea670a3891). Built 2024-10-25T03:52:19.844Z (19 days old)   
Detected Java version: 21.0.2 from C:\Program Files\Java\jdk-21 on Windows 11/amd64 (64bit). 7884MB available
dir = C:\Users\franco.ulloa\Documents\sushi\IPSCL_PUBLISH_Hl7\IPS-CL, path = C:\Users\franco.ulloa\AppData\Local\anaconda3;C:\Users\franco.ulloa\AppData\Local\anaconda3\Library\mingw-w64\bin;C:\Users\franco.ulloa\AppData\Local\anaconda3\Library\usr\bin;C:\Users\franco.ulloa\AppData\Local\anaconda3\Library\bin;C:\Users\franco.ulloa\AppData\Local\anaconda3\Scripts;C:\Users\franco.ulloa\AppData\Local\anaconda3\bin;C:\Users\franco.ulloa\AppData\Local\anaconda3\condabin;C:\Program Files\PowerShell\7;C:\Program Files\Common Files\Oracle\Java\javapath;C:\Windows\system32;C:\Windows;C:\Windows\System32\Wbem;C:\Windows\System32\WindowsPowerShell\v1.0;C:\Windows\System32\OpenSSH;C:\Users\franco.ulloa\AppData\Roaming\nvm;C:\Program Files\nodejs;C:\Program Files\Amazon\AWSCLIV2;C:\Program Files\Java\jdk-21\bin;C:\apache-maven-3.9.6\bin;C:\Program Files\PowerShell\7;C:\Program Files\Git\cmd;C:\Program Files\Docker\Docker\resources\bin;C:\Ruby32-x64\bin;C:\Users\franco.ulloa\AppData\Local\anaconda3;C:\Users\franco.ulloa\AppData\Local\anaconda3\Library\mingw-w64\bin;C:\Users\franco.ulloa\AppData\Local\anaconda3\Library\usr\bin;C:\Users\franco.ulloa\AppData\Local\anaconda3\Library\bin;C:\Users\franco.ulloa\AppData\Local\anaconda3\Scripts;C:\Users\franco.ulloa\AppData\Local\Microsoft\WindowsApps;C:\Users\franco.ulloa\AppData\Roaming\nvm;C:\Program Files\nodejs;C:\Users\franco.ulloa\AppData\Local\Programs\Microsoft VS Code\bin;C:\Program Files\JetBrains\DataGrip 2023.3.3\bin;.;C:\Program Files\Java\jdk-21;C:\Program Files\Java\jdk-21\bin;C:\apache-maven-3.9.6\bin;.
Parameters: -ig C:\Users\franco.ulloa\Documents\sushi\ipscl_publish_hl7\temp\hl7.fhir.cl.clips#0.2.0 -resetTx -publish https://hl7chile.cl/fhir/ig/clips/0.2.0 -no-exit
Start Clock @ miércoles, 13 de noviembre de 2024, 8:35:08 (hora de verano de Chile) (2024-11-13T08:35:08-03:00)
                                                                                                    
Build FHIR IG from C:\Users\franco.ulloa\Documents\sushi\ipscl_publish_hl7\temp\hl7.fhir.cl.clips#0.2.0 (00:00.078 / 00:00.079, 37Mb)
Build Formal Publication package, intended for https://hl7chile.cl/fhir/ig/clips/0.2.0               (00:00.006 / 00:00.085, 37Mb)
API keys loaded from C:\Users\franco.ulloa\.fhir\fhir-settings.json                                  (00:00.002 / 00:00.087, 37Mb)
Package Cache: C:\Users\franco.ulloa\.fhir\packages                                                  (00:00.006 / 00:00.093, 37Mb)
Run Sushi on C:\Users\franco.ulloa\Documents\sushi\ipscl_publish_hl7\temp\hl7.fhir.cl.clips#0.2.0    (00:00.016 / 00:00.110, 37Mb)
Sushi: info  Running SUSHI v3.12.1 (implements FHIR Shorthand specification v3.0.0)                  (00:01.393 / 00:01.503, 41Mb)
Sushi: info  Arguments:                                                                              (00:00.001 / 00:01.505, 41Mb)
Sushi: info    --require-latest                                                                      (00:00.001 / 00:01.506, 41Mb)
Sushi: info    --out C:\Users\franco.ulloa\Documents\sushi\IPSCL_PUBLISH_Hl7\temp\hl7.fhir.cl.clips#0.2.0 (00:00.001 / 00:01.507, 41Mb)
Sushi: info    C:\Users\franco.ulloa\Documents\sushi\IPSCL_PUBLISH_Hl7\temp\hl7.fhir.cl.clips#0.2.0  (00:00.001 / 00:01.509, 41Mb)
Sushi: info  Using configuration file: C:\Users\franco.ulloa\Documents\sushi\IPSCL_PUBLISH_Hl7\temp\hl7.fhir.cl.clips#0.2.0\sushi-config.yaml (00:02.794 / 00:04.304, 41Mb)
Sushi: info  Importing FSH text...                                                                   (00:00.200 / 00:04.503, 41Mb)
Sushi: info  Preprocessed 62 documents with 62 aliases.                                              (00:00.430 / 00:04.934, 41Mb)
Sushi: info  Imported 28 definitions and 45 instances.                                               (00:00.062 / 00:04.997, 41Mb)
Sushi: info  Checking C:\Users\franco.ulloa\.fhir\packages for hl7.fhir.uv.tools#current...          (00:00.003 / 00:05.000, 41Mb)
Sushi: info  Found hl7.fhir.uv.tools#current in C:\Users\franco.ulloa\.fhir\packages.                (00:00.080 / 00:05.080, 41Mb)
Sushi: info  Loaded package hl7.fhir.uv.tools#current                                                (00:01.028 / 00:06.109, 41Mb)
Sushi: info  Checking C:\Users\franco.ulloa\.fhir\packages for hl7.terminology.r4#6.0.2...           (00:01.140 / 00:07.250, 41Mb)
Sushi: info  Found hl7.terminology.r4#6.0.2 in C:\Users\franco.ulloa\.fhir\packages.                 (00:01.345 / 00:08.595, 41Mb)
Sushi: info  Loaded package hl7.terminology.r4#6.0.2                                                 (00:00.002 / 00:08.597, 41Mb)
Sushi: info  Checking C:\Users\franco.ulloa\.fhir\packages for hl7.fhir.uv.extensions.r4#5.1.0...    (00:00.212 / 00:08.809, 41Mb)
Sushi: info  Found hl7.fhir.uv.extensions.r4#5.1.0 in C:\Users\franco.ulloa\.fhir\packages.          (00:00.929 / 00:09.739, 41Mb)
Sushi: info  Loaded package hl7.fhir.uv.extensions.r4#5.1.0                                          (00:00.001 / 00:09.740, 41Mb)
Sushi: info  Checking C:\Users\franco.ulloa\.fhir\packages for hl7.fhir.cl.clcore#1.9.1...           (00:00.001 / 00:09.741, 41Mb)
Sushi: info  Found hl7.fhir.cl.clcore#1.9.1 in C:\Users\franco.ulloa\.fhir\packages.                 (00:00.778 / 00:10.520, 41Mb)
Sushi: info  Loaded package hl7.fhir.cl.clcore#1.9.1                                                 (00:00.001 / 00:10.521, 41Mb)
Sushi: info  Checking C:\Users\franco.ulloa\.fhir\packages for hl7.fhir.uv.ips#2.0.0...              (00:00.001 / 00:10.522, 41Mb)
Sushi: info  Found hl7.fhir.uv.ips#2.0.0 in C:\Users\franco.ulloa\.fhir\packages.                    (00:00.863 / 00:11.385, 41Mb)
Sushi: info  Loaded package hl7.fhir.uv.ips#2.0.0                                                    (00:00.001 / 00:11.387, 41Mb)
Sushi: info  Checking C:\Users\franco.ulloa\.fhir\packages for hl7.fhir.r4.core#4.0.1...             (00:00.001 / 00:11.388, 41Mb)
Sushi: info  Found hl7.fhir.r4.core#4.0.1 in C:\Users\franco.ulloa\.fhir\packages.                   (00:01.990 / 00:13.378, 41Mb)
Sushi: info  Loaded package hl7.fhir.r4.core#4.0.1                                                   (00:00.001 / 00:13.380, 41Mb)
Sushi: info  Converting FSH to FHIR resources...                                                     (00:00.073 / 00:13.453, 41Mb)
Sushi: info  Converted 28 FHIR StructureDefinitions.                                                 (00:09.239 / 00:22.693, 42Mb)
Sushi: info  Converted 45 FHIR instances.                                                            (00:03.921 / 00:26.614, 42Mb)
Sushi: info  Exporting FHIR resources as JSON...                                                     (00:00.001 / 00:26.616, 42Mb)
Sushi: info  Exported 61 FHIR resources as JSON.                                                     (00:00.277 / 00:26.894, 42Mb)
Sushi: info  Assembling Implementation Guide sources...                                              (00:00.003 / 00:26.897, 42Mb)
Sushi: info  Generated ImplementationGuide-hl7.fhir.cl.clips.json                                    (00:00.049 / 00:26.946, 42Mb)
Sushi: info  Assembled Implementation Guide sources; ready for IG Publisher.                         (00:00.001 / 00:26.947, 42Mb)
Sushi: ========================= SUSHI RESULTS ===========================                           (00:00.008 / 00:26.956, 42Mb)
Sushi: |  -------------------------------------------------------------  |                           (00:00.008 / 00:26.964, 42Mb)
Sushi: | |    Profiles   |  Extensions  |   Logicals   |   Resources   | |                           (00:00.003 / 00:26.968, 42Mb)
Sushi: | |-------------------------------------------------------------| |                           (00:00.002 / 00:26.970, 42Mb)
Sushi: | |      28       |      0       |      0       |       0       | |                           (00:00.001 / 00:26.971, 42Mb)
Sushi: |  -------------------------------------------------------------  |                           (00:00.001 / 00:26.973, 42Mb)
Sushi: |  -------------------------------------------------------------  |                           (00:00.001 / 00:26.974, 42Mb)
Sushi: | |      ValueSets     |    CodeSystems    |     Instances      | |                           (00:00.001 / 00:26.975, 42Mb)
Sushi: | |-------------------------------------------------------------| |                           (00:00.001 / 00:26.977, 42Mb)
Sushi: | |         0          |         0         |         45         | |                           (00:00.001 / 00:26.978, 42Mb)
Sushi: |  -------------------------------------------------------------  |                           (00:00.010 / 00:26.988, 42Mb)
Sushi: |                                                                 |                           (00:00.005 / 00:26.994, 42Mb)
Sushi: ===================================================================                           (00:00.003 / 00:26.997, 42Mb)
Sushi: | You're piranha roll now!               0 Errors      0 Warnings |                           (00:00.001 / 00:26.999, 42Mb)
Sushi: ===================================================================                           (00:00.001 / 00:27.001, 42Mb)
Unable to load IG as an r5 IG - try R4 (property code is a class com.google.gson.JsonPrimitive looking for an object) (00:00.949 / 00:27.950, 64Mb)
Load Template from hl7chile-ig-template                                                              (00:00.755 / 00:28.705, 65Mb)
 Load Template from fhir.base.template#current                                                       (00:00.447 / 00:29.153, 83Mb)

onLoad.findSpreadsheets:

onLoad.updateIg:
     [xslt] Processing C:\Users\franco.ulloa\Documents\sushi\ipscl_publish_hl7\temp\hl7.fhir.cl.clips#0.2.0\template\onLoad-ig-working.xml to C:\Users\franco.ulloa\Documents\sushi\ipscl_publish_hl7\temp\hl7.fhir.cl.clips#0.2.0\template\onLoad-ig-updated.xml
     [xslt] Loading stylesheet C:\Users\franco.ulloa\Documents\sushi\ipscl_publish_hl7\temp\hl7.fhir.cl.clips#0.2.0\template\scripts\onLoad.xslt

onLoad.extend:

onLoad:
Root directory: C:\Users\franco.ulloa\Documents\sushi\ipscl_publish_hl7\temp\hl7.fhir.cl.clips#0.2.0 (00:06.837 / 00:35.990, 113Mb)
Terminology Cache is at C:\Users\franco.ulloa\Documents\sushi\ipscl_publish_hl7\temp\hl7.fhir.cl.clips#0.2.0\input-cache\txcache. Clearing now (00:03.797 / 00:39.788, 148Mb)
Core Package hl7.fhir.r4.core#4.0.1
Running Terminology Log: C:\Users\FRANCO~1.ULL\AppData\Local\Temp\ohfu-fhir-ig-18331507636961481393.log
Connect to Terminology Server at http://tx.fhir.org                                                  (00:03.559 / 00:43.347, 281Mb)
Load Package hl7.fhir.pubpack#0.1.8
Load Package hl7.fhir.xver-extensions#0.1.0
Load Package hl7.terminology.r4#6.0.2
Load Package hl7.fhir.uv.extensions.r4#5.1.0
Load Package hl7.fhir.cl.clcore#1.9.1
Load Package hl7.fhir.uv.ips#2.0.0-ballot
Version mismatch. This IG is version 4.0.1, while the IG 'hl7.fhir.uv.tools' is from version 5.0.0 (will try to run anyway) (00:08.212 / 00:51.560, 496Mb)
Load Package hl7.fhir.uv.tools#0.2.0
Load R5 Specials
Initialization complete                                                                              (00:03.792 / 00:55.352, 524Mb)
Load Content                                                                                         (00:00.001 / 00:55.353, 524Mb)
Using es_CL as the default narrative language. (inferred from ImplementationGuide.jurisdiction=CL)   (00:00.110 / 00:55.464, 536Mb)
loadPrePages from FetchedFile[C:\Users\franco.ulloa\Documents\sushi\ipscl_publish_hl7\temp\hl7.fhir.cl.clips#0.2.0\fsh-generated\includes] as C:\Users\franco.ulloa\Documents\sushi\ipscl_publish_hl7\temp\hl7.fhir.cl.clips#0.2.0\fsh-generated\includes
loadPrePages from FetchedFile[C:\Users\franco.ulloa\Documents\sushi\ipscl_publish_hl7\temp\hl7.fhir.cl.clips#0.2.0\input\pagecontent] as C:\Users\franco.ulloa\Documents\sushi\ipscl_publish_hl7\temp\hl7.fhir.cl.clips#0.2.0\input\pagecontent
Fetch https://hl7chile.cl/fhir/ig/clips/package-list.json for version check                          (00:01.068 / 00:56.532, 624Mb)
Processing Conformance Resources                                                                     (00:01.626 / 00:58.158, 630Mb)
Load Dependency Info                                                                                 (00:00.005 / 00:58.164, 630Mb)
Load Info                                                                                            (00:00.018 / 00:58.182, 630Mb)
Load Resources                                                                                       (00:00.002 / 00:58.184, 632Mb)
Load Paths                                                                                           (00:00.354 / 00:58.538, 712Mb)
Generating Snapshots                                                                                 (00:00.011 / 00:58.550, 712Mb)
Check R4 / R4B                                                                                       (00:02.553 / 01:01.103, 720Mb)
Assign Comparison Ids                                                                                (00:00.026 / 01:01.129, 724Mb)
Propagating status                                                                                   (00:00.001 / 01:01.131, 724Mb)
Generating Narratives                                                                                (00:00.001 / 01:01.132, 724Mb)
Validating Conformance Resources                                                                     (00:04.962 / 01:06.095, 971Mb)
Check profiles & code systems                                                                        (00:22.931 / 01:29.027, 966Mb)
Check realm rules                                                                                    (00:00.006 / 01:29.033, 966Mb)
Previous Version Comparison                                                                          (00:00.001 / 01:29.034, 966Mb)
Validating Resources                                                                                 (00:00.069 / 01:29.104, 982Mb)
Processing Provenance Records                                                                        (00:32.303 / 02:01.407, 590Mb)
Generating Outputs in C:\Users\franco.ulloa\Documents\sushi\ipscl_publish_hl7\temp\hl7.fhir.cl.clips#0.2.0\output (00:00.001 / 02:01.409, 590Mb)
Generate Native Outputs                                                                              (00:00.460 / 02:01.869, 606Mb)
Run Template                                                                                         (00:40.917 / 02:42.788, 888Mb)

onGenerate.checkVersions:
     [xslt] Processing C:\Users\franco.ulloa\Documents\sushi\ipscl_publish_hl7\temp\hl7.fhir.cl.clips#0.2.0\template\onGenerate-ig-working.xml to C:\Users\franco.ulloa\Documents\sushi\ipscl_publish_hl7\temp\hl7.fhir.cl.clips#0.2.0\template\versions.txt
     [xslt] Loading stylesheet C:\Users\franco.ulloa\Documents\sushi\ipscl_publish_hl7\temp\hl7.fhir.cl.clips#0.2.0\template\scripts\onGenerate.getVersions.xslt

onGenerate.r5-schemas:
      [get] Getting: http://build.fhir.org/fhir-single.xsd
      [get] To: C:\Users\franco.ulloa\Documents\sushi\ipscl_publish_hl7\temp\hl7.fhir.cl.clips#0.2.0\input-cache\schemas\R5\fhir-single.xsd
      [get] Not modified - so not downloaded
      [get] Getting: http://build.fhir.org/fhir-xhtml.xsd
      [get] To: C:\Users\franco.ulloa\Documents\sushi\ipscl_publish_hl7\temp\hl7.fhir.cl.clips#0.2.0\input-cache\schemas\R5\fhir-xhtml.xsd
      [get] Not modified - so not downloaded
      [get] Getting: http://build.fhir.org/xml.xsd
      [get] To: C:\Users\franco.ulloa\Documents\sushi\ipscl_publish_hl7\temp\hl7.fhir.cl.clips#0.2.0\input-cache\schemas\R5\xml.xsd
      [get] Not modified - so not downloaded
      [get] Getting: http://build.fhir.org/xmldsig-core-schema.xsd
      [get] To: C:\Users\franco.ulloa\Documents\sushi\ipscl_publish_hl7\temp\hl7.fhir.cl.clips#0.2.0\input-cache\schemas\R5\xmldsig-core-schema.xsd
      [get] Not modified - so not downloaded

onGenerate.r4-schemas:
      [get] Getting: http://hl7.org/fhir/R4/fhir-single.xsd
      [get] To: C:\Users\franco.ulloa\Documents\sushi\ipscl_publish_hl7\temp\hl7.fhir.cl.clips#0.2.0\input-cache\schemas\R4\fhir-single.xsd
      [get] Not modified - so not downloaded
      [get] Getting: http://hl7.org/fhir/R4/fhir-xhtml.xsd
      [get] To: C:\Users\franco.ulloa\Documents\sushi\ipscl_publish_hl7\temp\hl7.fhir.cl.clips#0.2.0\input-cache\schemas\R4\fhir-xhtml.xsd
      [get] Not modified - so not downloaded
      [get] Getting: http://hl7.org/fhir/R4/xml.xsd
      [get] To: C:\Users\franco.ulloa\Documents\sushi\ipscl_publish_hl7\temp\hl7.fhir.cl.clips#0.2.0\input-cache\schemas\R4\xml.xsd
      [get] Not modified - so not downloaded
      [get] Getting: http://hl7.org/fhir/R4/xmldsig-core-schema.xsd
      [get] To: C:\Users\franco.ulloa\Documents\sushi\ipscl_publish_hl7\temp\hl7.fhir.cl.clips#0.2.0\input-cache\schemas\R4\xmldsig-core-schema.xsd
      [get] Not modified - so not downloaded

onGenerate.r3-schemas:

onGenerate.r2b-schemas:

onGenerate.r2-schemas:

onGenerate.schemas:

onGenerate.data:
     [xslt] Processing C:\Users\franco.ulloa\Documents\sushi\ipscl_publish_hl7\temp\hl7.fhir.cl.clips#0.2.0\template\onGenerate-ig-working.xml to C:\Users\franco.ulloa\Documents\sushi\ipscl_publish_hl7\temp\hl7.fhir.cl.clips#0.2.0\temp\pages\_data\artifacts.json
     [xslt] Loading stylesheet C:\Users\franco.ulloa\Documents\sushi\ipscl_publish_hl7\temp\hl7.fhir.cl.clips#0.2.0\template\scripts\onGenerate.data.xslt

onGenerate.setup:

onGenerate.infoFile:
     [xslt] Processing C:\Users\franco.ulloa\Documents\sushi\ipscl_publish_hl7\temp\hl7.fhir.cl.clips#0.2.0\template\onGenerate-ig-working.xml to C:\Users\franco.ulloa\Documents\sushi\ipscl_publish_hl7\temp\hl7.fhir.cl.clips#0.2.0\temp\pages\_data\info.json
     [xslt] Loading stylesheet C:\Users\franco.ulloa\Documents\sushi\ipscl_publish_hl7\temp\hl7.fhir.cl.clips#0.2.0\template\scripts\onGenerate.genJson.xslt

onGenerate.processIncludes:
     [copy] Copying 18 files to C:\Users\franco.ulloa\Documents\sushi\ipscl_publish_hl7\temp\hl7.fhir.cl.clips#0.2.0\temp\pages\_includes

onGenerate.processIg:
     [xslt] Processing C:\Users\franco.ulloa\Documents\sushi\ipscl_publish_hl7\temp\hl7.fhir.cl.clips#0.2.0\template\onGenerate-ig-working.xml to C:\Users\franco.ulloa\Documents\sushi\ipscl_publish_hl7\temp\hl7.fhir.cl.clips#0.2.0\template\onGenerate-ig-working.1.xml
     [xslt] Loading stylesheet C:\Users\franco.ulloa\Documents\sushi\ipscl_publish_hl7\temp\hl7.fhir.cl.clips#0.2.0\template\scripts\onGenerate.group.xslt
     [xslt] Processing C:\Users\franco.ulloa\Documents\sushi\ipscl_publish_hl7\temp\hl7.fhir.cl.clips#0.2.0\template\onGenerate-ig-working.1.xml to C:\Users\franco.ulloa\Documents\sushi\ipscl_publish_hl7\temp\hl7.fhir.cl.clips#0.2.0\template\onGenerate-ig-working.2.xml
     [xslt] Loading stylesheet C:\Users\franco.ulloa\Documents\sushi\ipscl_publish_hl7\temp\hl7.fhir.cl.clips#0.2.0\template\scripts\onGenerate.groupSort.xslt
     [xslt] Processing C:\Users\franco.ulloa\Documents\sushi\ipscl_publish_hl7\temp\hl7.fhir.cl.clips#0.2.0\template\onGenerate-ig-working.2.xml to C:\Users\franco.ulloa\Documents\sushi\ipscl_publish_hl7\temp\hl7.fhir.cl.clips#0.2.0\template\onGenerate-ig-updated.xml
     [xslt] Loading stylesheet C:\Users\franco.ulloa\Documents\sushi\ipscl_publish_hl7\temp\hl7.fhir.cl.clips#0.2.0\template\scripts\onGenerate.final.xslt

onGenerate.igQa:
     [xslt] Processing C:\Users\franco.ulloa\Documents\sushi\ipscl_publish_hl7\temp\hl7.fhir.cl.clips#0.2.0\template\onGenerate-ig-updated.xml to C:\Users\franco.ulloa\Documents\sushi\ipscl_publish_hl7\temp\hl7.fhir.cl.clips#0.2.0\template\ongenerate-validation-igqa.json
     [xslt] Loading stylesheet C:\Users\franco.ulloa\Documents\sushi\ipscl_publish_hl7\temp\hl7.fhir.cl.clips#0.2.0\template\scripts\onGenerate.qa.xslt

onGenerate.artifactList:
     [xslt] Processing C:\Users\franco.ulloa\Documents\sushi\ipscl_publish_hl7\temp\hl7.fhir.cl.clips#0.2.0\template\onGenerate-ig-updated.xml to C:\Users\franco.ulloa\Documents\sushi\ipscl_publish_hl7\temp\hl7.fhir.cl.clips#0.2.0\temp\pages\_includes\artifacts.xml
     [xslt] Loading stylesheet C:\Users\franco.ulloa\Documents\sushi\ipscl_publish_hl7\temp\hl7.fhir.cl.clips#0.2.0\template\scripts\createArtifactSummary.xslt

check-plantumlfiles:

onGenerate.plantUml.ig:

onGenerate.plantUml.template:

onGenerate.plantUml:

onGenerate.copyDataFiles:

onGenerate.extend:

onGenerate:
Template Done                                                                                        (00:05.562 / 02:48.350, 972Mb)
Generate HTML Outputs                                                                                (00:00.001 / 02:48.352, 972Mb)
ERROR StatusLogger Log4j2 could not find a logging implementation. Please add log4j-core to the classpath. Using SimpleLogger to log to the console...
Value set 'http://dicom.nema.org/medical/dicom/current/output/chtml/part04/sect_B.5.html#table_B.5-1' at https://hl7chile.cl/fhir/ig/clips/StructureDefinition/ImagingStudy-cl-ips#ImagingStudy.series.instance.sopClass not found
Value set 'http://dicom.nema.org/medical/dicom/current/output/chtml/part04/sect_B.5.html#table_B.5-1' at https://hl7chile.cl/fhir/ig/clips/StructureDefinition/ImagingStudy-cl-ips#ImagingStudy.series.instance.sopClass not found
Value set 'http://dicom.nema.org/medical/dicom/current/output/chtml/part04/sect_B.5.html#table_B.5-1' at https://hl7chile.cl/fhir/ig/clips/StructureDefinition/ImagingStudy-cl-ips#ImagingStudy.series.instance.sopClass not found
Generate Summaries                                                                                   (00:50.329 / 03:38.682, 901Mb)
Generating Summary Outputs                                                                           (00:00.001 / 03:38.683, 901Mb)
DB Cumulative Time invested: 00:00:00.609
Sending Usage Stats to Server                                                                        (00:39.119 / 04:17.803, 1Gb)
## Memory (MB): Use = 1329, Free = 458, Total = 1788, Max = 7884                                     (00:00.008 / 04:17.811, 1Gb)
Reclaiming memory...                                                                                 (00:00.001 / 04:17.812, 1Gb)
## Memory (MB): Use = 812, Free = 975, Total = 1788, Max = 7884                                      (00:00.314 / 04:18.127, 814Mb)
Run jekyll: jekyll build --destination "C:\Users\franco.ulloa\Documents\sushi\ipscl_publish_hl7\temp\hl7.fhir.cl.clips#0.2.0\output" (in folder C:\Users\franco.ulloa\Documents\sushi\ipscl_publish_hl7\temp\hl7.fhir.cl.clips#0.2.0\temp\pages) (00:00.007 / 04:18.135, 814Mb)
Due to a known issue, Jekyll errors are lost between Java and Ruby in windows systems.               (00:00.003 / 04:18.138, 814Mb)
If the build process hangs at this point, you have to go to a                                        (00:00.001 / 04:18.139, 814Mb)
command prompt, and then run these two commands:                                                     (00:00.001 / 04:18.141, 814Mb)
                                                                                                     (00:00.001 / 04:18.142, 814Mb)
cd C:\Users\franco.ulloa\Documents\sushi\ipscl_publish_hl7\temp\hl7.fhir.cl.clips#0.2.0\temp\pages   (00:00.001 / 04:18.143, 814Mb)
jekyll build --destination "C:\Users\franco.ulloa\Documents\sushi\ipscl_publish_hl7\temp\hl7.fhir.cl.clips#0.2.0\output" (00:00.001 / 04:18.145, 814Mb)
                                                                                                     (00:00.001 / 04:18.146, 814Mb)
and then investigate why Jekyll has failed                                                           (00:00.001 / 04:18.148, 814Mb)
Troubleshooting Note: usual cases for Jekyll to fail are:                                            (00:00.001 / 04:18.149, 814Mb)
* A failure to produce a fragment that is already logged in the output above                         (00:00.001 / 04:18.151, 814Mb)
* A reference to a manually edited file that hasn't been provided                                    (00:00.001 / 04:18.152, 814Mb)
Jekyll: Source: C:/Users/franco.ulloa/Documents/sushi/IPSCL_PUBLISH_Hl7/temp/hl7.fhir.cl.clips#0.2.0/temp/pages (00:02.741 / 04:20.894, 819Mb)
Jekyll: Generating...                                                                                (00:00.003 / 04:20.897, 819Mb)
Jekyll: done in 12.324 seconds.                                                                      (00:12.310 / 04:33.208, 819Mb)

Installing hl7.fhir.cl.clips#0.2.0
Sending usage stats failed: Connection timed out: connect
Checking Output HTML                                                                                 (00:07.044 / 04:40.252, 1Gb)
found 1354 files                                                                                     (00:00.055 / 04:40.308, 1Gb)
.........................................
.........................................
  ... 1354 html files, 0 pages invalid xhtml (0%)                                                    (00:35.722 / 05:16.030, 1Gb)
  ... 584417 links, 0 broken links (0%)                                                              (00:00.001 / 05:16.032, 1Gb)
Generate fragment-usage-analysis.csv                                                                 (00:00.001 / 05:16.033, 1Gb)
Build final .zip                                                                                     (00:00.006 / 05:16.039, 1Gb)
Final .zip built                                                                                     (00:07.661 / 05:23.701, 1Gb)
Built. Times: loading: 00:02.792, generate: 04:35.755, narrative generation: 00:04.961, realm-rules: 00:00.001, previous-version: 00:00.000, jekyll: 00:15.148, validation: 00:55.229 (#62), template: 00:05.561 (#3) (00:10.310 / 05:34.011, 1Gb)
Generating QA                                                                                        (00:00.002 / 05:34.013, 1Gb)
Validation output in C:\Users\franco.ulloa\Documents\sushi\ipscl_publish_hl7\temp\hl7.fhir.cl.clips#0.2.0\output\qa.html
Errors: 0, Warnings: 2, Info: 27, Broken Links: 0 (00:00.494 / 05:34.508, 1Gb)
Finished. Max Memory Used = 1Gb. Log file saved in C:\Users\FRANCO~1.ULL\AppData\Local\Temp\fhir-ig-publisher-tmp.log (00:00.014 / 05:34.523, 1Gb)
Keep a copy of the build directory at C:\Users\franco.ulloa\Documents\sushi\ipscl_publish_hl7\temp\web-root\run-20241113\ig-build-zips\hl7.fhir.cl.clips#0.2.0.zip

ok. All checks passed. Publish v0.2.0 to C:\Users\franco.ulloa\Documents\sushi\ipscl_publish_hl7\temp\web-root\run-20241113\0.2.0
Copy the IG to C:\Users\franco.ulloa\Documents\sushi\ipscl_publish_hl7\temp\web-root\run-20241113\0.2.0
Update C:\Users\franco.ulloa\Documents\sushi\ipscl_publish_hl7\temp\web-root\run-20241113\package-list.json
Publish Box Statement: This page is part of the Resumen Clinico de Paciente de Chile (v0.2.0: <a no-external="true" href="https://confluence.hl7.org/display/HL7/HL7+Balloting" title="Standard for Trial-Use">STU</a>1 Draft) based on <a no-external="true" href="http://hl7.org/fhir/R4">FHIR (HL7® FHIR® Standard) R4</a>. .  For a full list of available versions, see the <a no-external="true" href="https://hl7chile.cl/fhir/ig/clips/history.html">Directory of published versions</a>
no html insert in C:\Users\franco.ulloa\Documents\sushi\ipscl_publish_hl7\temp\web-root\run-20241113\0.2.0\qa-txservers.html
  .. 424 files checked, 424 updated
  .. 127 clones checked, 254 updated
  .. 25 redirections (25 created/updated)
Update history page at C:\Users\franco.ulloa\Documents\sushi\ipscl_publish_hl7\temp\web-root\run-20241113\ from C:\Users\franco.ulloa\Documents\sushi\ipscl_publish_hl7\fhir-ig-history-template-master and C:\Users\franco.ulloa\Documents\sushi\ipscl_publish_hl7\clips\templates
Build is complete. Copy from C:\Users\franco.ulloa\Documents\sushi\ipscl_publish_hl7\temp\web-root\run-20241113
Error in package-list.json:path to build.fhir.org should not use https://
hl7.fhir.cl.clips (https://hl7chile.cl/fhir/ig/clips): Resumen Clinico de Paciente de Chile @ http://build.fhir.org/ig/HL7Chile/IPS-CL
  candidate: STU1 Draft 0.2.0/4.0.1 @ https://hl7chile.cl/fhir/ig/clips/0.2.0
