FHIR IG Publisher Version 1.7.5 (Git# 2ec44e6c46a5). Built 2024-11-22T15:37:50.312Z (6 days old)
Detected Java version: 21.0.2 from C:\Program Files\Java\jdk-21 on amd64 (64bit). 7884MB available
dir = C:\Users\franco.ulloa\Documents\sushi\eis_publish_hl7\eis\input-cache, path = C:\Users\franco.ulloa\AppData\Local\anaconda3;C:\Users\franco.ulloa\AppData\Local\anaconda3\Library\mingw-w64\bin;C:\Users\franco.ulloa\AppData\Local\anaconda3\Library\usr\bin;C:\Users\franco.ulloa\AppData\Local\anaconda3\Library\bin;C:\Users\franco.ulloa\AppData\Local\anaconda3\Scripts;C:\Users\franco.ulloa\AppData\Local\anaconda3\bin;C:\Users\franco.ulloa\AppData\Local\anaconda3\condabin;C:\Program Files\PowerShell\7;C:\Program Files\Common Files\Oracle\Java\javapath;C:\Windows\system32;C:\Windows;C:\Windows\System32\Wbem;C:\Windows\System32\WindowsPowerShell\v1.0;C:\Windows\System32\OpenSSH;C:\Users\franco.ulloa\AppData\Roaming\nvm;C:\Program Files\nodejs;C:\Program Files\Amazon\AWSCLIV2;C:\Program Files\Java\jdk-21\bin;C:\apache-maven-3.9.6\bin;C:\Program Files\PowerShell\7;C:\Program Files\Docker\Docker\resources\bin;C:\Program Files\Git\cmd;C:\Ruby32-x64\bin;C:\Users\franco.ulloa\AppData\Local\anaconda3;C:\Users\franco.ulloa\AppData\Local\anaconda3\Library\mingw-w64\bin;C:\Users\franco.ulloa\AppData\Local\anaconda3\Library\usr\bin;C:\Users\franco.ulloa\AppData\Local\anaconda3\Library\bin;C:\Users\franco.ulloa\AppData\Local\anaconda3\Scripts;C:\Users\franco.ulloa\AppData\Local\Microsoft\WindowsApps;C:\Users\franco.ulloa\AppData\Roaming\nvm;C:\Program Files\nodejs;C:\Users\franco.ulloa\AppData\Local\Programs\Microsoft VS Code\bin;C:\Program Files\JetBrains\DataGrip 2023.3.3\bin;.;C:\Program Files\Java\jdk-21;C:\Program Files\Java\jdk-21\bin;C:\apache-maven-3.9.6\bin;.
Parameters: -go-publish -source C:\Users\franco.ulloa\Documents\sushi\eis_publish_hl7\eis\ -web C:\Users\franco.ulloa\Documents\sushi\eis_publish_hl7\ig\ -registry C:\Users\franco.ulloa\Documents\sushi\eis_publish_hl7\ig-registry-master\fhir-ig-list.json -history C:\Users\franco.ulloa\Documents\sushi\eis_publish_hl7\fhir-ig-history-template-master\ -temp C:\Users\franco.ulloa\Documents\sushi\eis_publish_hl7\temp -templates C:\Users\franco.ulloa\Documents\sushi\eis_publish_hl7\ig\templates
---------------
Publication Run: publish C:\Users\franco.ulloa\Documents\sushi\eis_publish_hl7\eis\ to C:\Users\franco.ulloa\Documents\sushi\eis_publish_hl7\ig\
Run Number: 1
Relative directory for IG is '\'
===== Web Publication Run Details ===============================
 Source IG: hl7.fhir.cl.minsal.eis#0.1.0 : https://interoperabilidad.minsal.cl/fhir/ig/eis (R4) from C:\Users\franco.ulloa\Documents\sushi\eis_publish_hl7\eis\
All checks passed. Do the publication build from C:\Users\franco.ulloa\Documents\sushi\eis_publish_hl7\eis and publish to C:\Users\franco.ulloa\Documents\sushi\eis_publish_hl7\temp\web-root\run-20241129\
Prepare Build space in C:\Users\franco.ulloa\Documents\sushi\eis_publish_hl7\temp\hl7.fhir.cl.minsal.eis#0.1.0
Build IG at C:\Users\franco.ulloa\Documents\sushi\eis_publish_hl7\eis: final copy suitable for publication (in C:\Users\franco.ulloa\Documents\sushi\eis_publish_hl7\temp\hl7.fhir.cl.minsal.eis#0.1.0)
FHIR IG Publisher Version 1.7.5 (Git# 2ec44e6c46a5). Built 2024-11-22T15:37:50.312Z (6 days old)    
Detected Java version: 21.0.2 from C:\Program Files\Java\jdk-21 on Windows 11/amd64 (64bit). 7884MB available
dir = C:\Users\franco.ulloa\Documents\sushi\eis_publish_hl7\eis\input-cache, path = C:\Users\franco.ulloa\AppData\Local\anaconda3;C:\Users\franco.ulloa\AppData\Local\anaconda3\Library\mingw-w64\bin;C:\Users\franco.ulloa\AppData\Local\anaconda3\Library\usr\bin;C:\Users\franco.ulloa\AppData\Local\anaconda3\Library\bin;C:\Users\franco.ulloa\AppData\Local\anaconda3\Scripts;C:\Users\franco.ulloa\AppData\Local\anaconda3\bin;C:\Users\franco.ulloa\AppData\Local\anaconda3\condabin;C:\Program Files\PowerShell\7;C:\Program Files\Common Files\Oracle\Java\javapath;C:\Windows\system32;C:\Windows;C:\Windows\System32\Wbem;C:\Windows\System32\WindowsPowerShell\v1.0;C:\Windows\System32\OpenSSH;C:\Users\franco.ulloa\AppData\Roaming\nvm;C:\Program Files\nodejs;C:\Program Files\Amazon\AWSCLIV2;C:\Program Files\Java\jdk-21\bin;C:\apache-maven-3.9.6\bin;C:\Program Files\PowerShell\7;C:\Program Files\Docker\Docker\resources\bin;C:\Program Files\Git\cmd;C:\Ruby32-x64\bin;C:\Users\franco.ulloa\AppData\Local\anaconda3;C:\Users\franco.ulloa\AppData\Local\anaconda3\Library\mingw-w64\bin;C:\Users\franco.ulloa\AppData\Local\anaconda3\Library\usr\bin;C:\Users\franco.ulloa\AppData\Local\anaconda3\Library\bin;C:\Users\franco.ulloa\AppData\Local\anaconda3\Scripts;C:\Users\franco.ulloa\AppData\Local\Microsoft\WindowsApps;C:\Users\franco.ulloa\AppData\Roaming\nvm;C:\Program Files\nodejs;C:\Users\franco.ulloa\AppData\Local\Programs\Microsoft VS Code\bin;C:\Program Files\JetBrains\DataGrip 2023.3.3\bin;.;C:\Program Files\Java\jdk-21;C:\Program Files\Java\jdk-21\bin;C:\apache-maven-3.9.6\bin;.
Parameters: -ig C:\Users\franco.ulloa\Documents\sushi\eis_publish_hl7\temp\hl7.fhir.cl.minsal.eis#0.1.0 -resetTx -publish https://interoperabilidad.minsal.cl/fhir/ig/eis/0.1.0 -no-exit
Start Clock @ viernes, 29 de noviembre de 2024, 11:08:09 (hora de verano de Chile) (2024-11-29T11:08:09-03:00)
                                                                                                    
Build FHIR IG from C:\Users\franco.ulloa\Documents\sushi\eis_publish_hl7\temp\hl7.fhir.cl.minsal.eis#0.1.0 (00:00.060 / 00:00.061, 73Mb)
Build Formal Publication package, intended for https://interoperabilidad.minsal.cl/fhir/ig/eis/0.1.0 (00:00.004 / 00:00.065, 74Mb)
API keys loaded from C:\Users\franco.ulloa\.fhir\fhir-settings.json                                  (00:00.001 / 00:00.066, 74Mb)
Package Cache: C:\Users\franco.ulloa\.fhir\packages                                                  (00:00.003 / 00:00.070, 74Mb)
Run Sushi on C:\Users\franco.ulloa\Documents\sushi\eis_publish_hl7\temp\hl7.fhir.cl.minsal.eis#0.1.0 (00:00.003 / 00:00.073, 74Mb)
Sushi: info  Running SUSHI v3.12.1 (implements FHIR Shorthand specification v3.0.0)                  (00:00.738 / 00:00.811, 76Mb)
Sushi: info  Arguments:                                                                              (00:00.001 / 00:00.813, 76Mb)
Sushi: info    --require-latest                                                                      (00:00.001 / 00:00.814, 76Mb)
Sushi: info    --out C:\Users\franco.ulloa\Documents\sushi\eis_publish_hl7\temp\hl7.fhir.cl.minsal.eis#0.1.0 (00:00.001 / 00:00.815, 76Mb)
Sushi: info    C:\Users\franco.ulloa\Documents\sushi\eis_publish_hl7\temp\hl7.fhir.cl.minsal.eis#0.1.0 (00:00.001 / 00:00.816, 76Mb)
Sushi: info  Using configuration file: C:\Users\franco.ulloa\Documents\sushi\eis_publish_hl7\temp\hl7.fhir.cl.minsal.eis#0.1.0\sushi-config.yaml (00:01.400 / 00:02.217, 76Mb)
Sushi: info  Importing FSH text...                                                                   (00:00.089 / 00:02.306, 76Mb)
Sushi: info  Preprocessed 8 documents with 5 aliases.                                                (00:00.368 / 00:02.675, 76Mb)
Sushi: info  Imported 98 definitions and 0 instances.                                                (00:00.026 / 00:02.702, 76Mb)
Sushi: info  Checking C:\Users\franco.ulloa\.fhir\packages for hl7.fhir.uv.tools#current...          (00:00.001 / 00:02.703, 76Mb)
Sushi: info  Found hl7.fhir.uv.tools#current in C:\Users\franco.ulloa\.fhir\packages.                (00:00.042 / 00:02.746, 76Mb)
Sushi: info  Loaded package hl7.fhir.uv.tools#current                                                (00:00.867 / 00:03.613, 76Mb)
Sushi: info  Checking C:\Users\franco.ulloa\.fhir\packages for hl7.terminology.r4#6.1.0...           (00:00.903 / 00:04.517, 76Mb)
Sushi: info  Found hl7.terminology.r4#6.1.0 in C:\Users\franco.ulloa\.fhir\packages.                 (00:00.684 / 00:05.202, 76Mb)
Sushi: info  Loaded package hl7.terminology.r4#6.1.0                                                 (00:00.001 / 00:05.203, 76Mb)
Sushi: info  Checking C:\Users\franco.ulloa\.fhir\packages for hl7.fhir.uv.extensions.r4#5.1.0...    (00:00.212 / 00:05.416, 76Mb)
Sushi: info  Found hl7.fhir.uv.extensions.r4#5.1.0 in C:\Users\franco.ulloa\.fhir\packages.          (00:00.542 / 00:05.958, 76Mb)
Sushi: info  Loaded package hl7.fhir.uv.extensions.r4#5.1.0                                          (00:00.001 / 00:05.960, 76Mb)
Sushi: info  Checking C:\Users\franco.ulloa\.fhir\packages for hl7.fhir.r4.core#4.0.1...             (00:00.001 / 00:05.962, 76Mb)
Sushi: info  Found hl7.fhir.r4.core#4.0.1 in C:\Users\franco.ulloa\.fhir\packages.                   (00:00.993 / 00:06.955, 76Mb)
Sushi: info  Loaded package hl7.fhir.r4.core#4.0.1                                                   (00:00.001 / 00:06.957, 76Mb)
Sushi: info  Converting FSH to FHIR resources...                                                     (00:00.031 / 00:06.988, 76Mb)
Sushi: info  Converted 49 FHIR CodeSystems.                                                          (00:01.733 / 00:08.722, 76Mb)
Sushi: info  Converted 49 FHIR ValueSets.                                                            (00:02.167 / 00:10.890, 76Mb)
Sushi: info  Exporting FHIR resources as JSON...                                                     (00:00.001 / 00:10.892, 76Mb)
Sushi: info  Exported 98 FHIR resources as JSON.                                                     (00:00.068 / 00:10.960, 76Mb)
Sushi: info  Assembling Implementation Guide sources...                                              (00:00.004 / 00:10.965, 76Mb)
Sushi: info  Generated ImplementationGuide-hl7.fhir.cl.minsal.eis.json                               (00:00.013 / 00:10.979, 76Mb)
Sushi: info  Assembled Implementation Guide sources; ready for IG Publisher.                         (00:00.001 / 00:10.980, 76Mb)
Sushi: ========================= SUSHI RESULTS ===========================                           (00:00.001 / 00:10.981, 76Mb)
Sushi: |  -------------------------------------------------------------  |                           (00:00.001 / 00:10.983, 76Mb)
Sushi: | |    Profiles   |  Extensions  |   Logicals   |   Resources   | |                           (00:00.001 / 00:10.984, 76Mb)
Sushi: | |-------------------------------------------------------------| |                           (00:00.001 / 00:10.985, 76Mb)
Sushi: | |       0       |      0       |      0       |       0       | |                           (00:00.001 / 00:10.986, 76Mb)
Sushi: |  -------------------------------------------------------------  |                           (00:00.001 / 00:10.988, 76Mb)
Sushi: |  -------------------------------------------------------------  |                           (00:00.001 / 00:10.989, 76Mb)
Sushi: | |      ValueSets     |    CodeSystems    |     Instances      | |                           (00:00.001 / 00:10.991, 76Mb)
Sushi: | |-------------------------------------------------------------| |                           (00:00.001 / 00:10.992, 76Mb)
Sushi: | |         49         |        49         |         0          | |                           (00:00.001 / 00:10.993, 76Mb)
Sushi: |  -------------------------------------------------------------  |                           (00:00.001 / 00:10.994, 76Mb)
Sushi: |                                                                 |                           (00:00.001 / 00:10.995, 76Mb)
Sushi: ===================================================================                           (00:00.001 / 00:10.996, 76Mb)
Sushi: | Catch of the day, right here!          0 Errors      0 Warnings |                           (00:00.001 / 00:10.997, 76Mb)
Sushi: ===================================================================                           (00:00.001 / 00:10.999, 76Mb)
Unable to load IG as an r5 IG - try R4 (property code is a class com.google.gson.JsonPrimitive looking for an object) (00:00.434 / 00:11.433, 58Mb)
Load Template from hl7chile-ig-template                                                              (00:00.455 / 00:11.888, 32Mb)
 Load Template from fhir.base.template#current                                                       (00:00.315 / 00:12.204, 50Mb)

onLoad.findSpreadsheets:

onLoad.updateIg:
     [xslt] Processing C:\Users\franco.ulloa\Documents\sushi\eis_publish_hl7\temp\hl7.fhir.cl.minsal.eis#0.1.0\template\onLoad-ig-working.xml to C:\Users\franco.ulloa\Documents\sushi\eis_publish_hl7\temp\hl7.fhir.cl.minsal.eis#0.1.0\template\onLoad-ig-updated.xml
     [xslt] Loading stylesheet C:\Users\franco.ulloa\Documents\sushi\eis_publish_hl7\temp\hl7.fhir.cl.minsal.eis#0.1.0\template\scripts\onLoad.xslt

onLoad.extend:

onLoad:
Root directory: C:\Users\franco.ulloa\Documents\sushi\eis_publish_hl7\temp\hl7.fhir.cl.minsal.eis#0.1.0 (00:04.479 / 00:16.683, 122Mb)
Terminology Cache is at C:\Users\franco.ulloa\Documents\sushi\eis_publish_hl7\temp\hl7.fhir.cl.minsal.eis#0.1.0\input-cache\txcache. Clearing now (00:02.619 / 00:19.302, 114Mb)
Core Package hl7.fhir.r4.core#4.0.1
Running Terminology Log: C:\Users\FRANCO~1.ULL\AppData\Local\Temp\ohfu-fhir-ig-6097392173148589470.log
Connect to Terminology Server at http://tx.fhir.org                                                  (00:02.970 / 00:22.273, 269Mb)
Load Package hl7.fhir.pubpack#0.1.9
Load Package hl7.fhir.xver-extensions#0.1.0
Load Package hl7.terminology.r4#6.1.0
Load Package hl7.fhir.uv.extensions.r4#5.1.0
Load Package hl7.fhir.uv.tools.r4#0.3.0
Load R5 Specials
Initialization complete                                                                              (00:07.756 / 00:30.029, 448Mb)
Load Content                                                                                         (00:00.001 / 00:30.031, 448Mb)
Using es_CL as the default narrative language. (inferred from ImplementationGuide.jurisdiction=CL)   (00:00.055 / 00:30.086, 456Mb)
loadPrePages from FetchedFile[C:\Users\franco.ulloa\Documents\sushi\eis_publish_hl7\temp\hl7.fhir.cl.minsal.eis#0.1.0\fsh-generated\includes] as C:\Users\franco.ulloa\Documents\sushi\eis_publish_hl7\temp\hl7.fhir.cl.minsal.eis#0.1.0\fsh-generated\includes
loadPrePages from FetchedFile[C:\Users\franco.ulloa\Documents\sushi\eis_publish_hl7\temp\hl7.fhir.cl.minsal.eis#0.1.0\input\pagecontent] as C:\Users\franco.ulloa\Documents\sushi\eis_publish_hl7\temp\hl7.fhir.cl.minsal.eis#0.1.0\input\pagecontent
Fetch https://interoperabilidad.minsal.cl/fhir/ig/eis/package-list.json for version check            (00:00.777 / 00:30.864, 558Mb)
Processing Conformance Resources                                                                     (00:00.046 / 00:30.910, 566Mb)
Load Dependency Info                                                                                 (00:00.002 / 00:30.913, 566Mb)
Load Info                                                                                            (00:00.002 / 00:30.916, 566Mb)
Load Resources                                                                                       (00:00.001 / 00:30.918, 568Mb)
Load Paths                                                                                           (00:00.216 / 00:31.135, 652Mb)
Generating Snapshots                                                                                 (00:00.001 / 00:31.136, 652Mb)
Check R4 / R4B                                                                                       (00:00.002 / 00:31.139, 652Mb)
Assign Comparison Ids                                                                                (00:00.027 / 00:31.167, 658Mb)
Propagating status                                                                                   (00:00.001 / 00:31.168, 658Mb)
Generating Narratives                                                                                (00:00.001 / 00:31.170, 658Mb)
Validating Conformance Resources                                                                     (00:01.216 / 00:32.386, 468Mb)
Check profiles & code systems                                                                        (00:03.638 / 00:36.025, 577Mb)
Check realm rules                                                                                    (00:00.003 / 00:36.028, 577Mb)
Previous Version Comparison                                                                          (00:00.001 / 00:36.030, 577Mb)
Validating Resources                                                                                 (00:00.012 / 00:36.042, 577Mb)
Processing Provenance Records                                                                        (00:00.001 / 00:36.044, 579Mb)
Generating Outputs in C:\Users\franco.ulloa\Documents\sushi\eis_publish_hl7\temp\hl7.fhir.cl.minsal.eis#0.1.0\output (00:00.001 / 00:36.045, 579Mb)
Generate Native Outputs                                                                              (00:00.201 / 00:36.247, 595Mb)
Run Template                                                                                         (00:06.779 / 00:43.026, 427Mb)

onGenerate.checkVersions:
     [xslt] Processing C:\Users\franco.ulloa\Documents\sushi\eis_publish_hl7\temp\hl7.fhir.cl.minsal.eis#0.1.0\template\onGenerate-ig-working.xml to C:\Users\franco.ulloa\Documents\sushi\eis_publish_hl7\temp\hl7.fhir.cl.minsal.eis#0.1.0\template\versions.txt
     [xslt] Loading stylesheet C:\Users\franco.ulloa\Documents\sushi\eis_publish_hl7\temp\hl7.fhir.cl.minsal.eis#0.1.0\template\scripts\onGenerate.getVersions.xslt

onGenerate.r5-schemas:
      [get] Getting: http://build.fhir.org/fhir-single.xsd
      [get] To: C:\Users\franco.ulloa\Documents\sushi\eis_publish_hl7\temp\hl7.fhir.cl.minsal.eis#0.1.0\input-cache\schemas\R5\fhir-single.xsd
      [get] Not modified - so not downloaded
      [get] Getting: http://build.fhir.org/fhir-xhtml.xsd
      [get] To: C:\Users\franco.ulloa\Documents\sushi\eis_publish_hl7\temp\hl7.fhir.cl.minsal.eis#0.1.0\input-cache\schemas\R5\fhir-xhtml.xsd
      [get] Not modified - so not downloaded
      [get] Getting: http://build.fhir.org/xml.xsd
      [get] To: C:\Users\franco.ulloa\Documents\sushi\eis_publish_hl7\temp\hl7.fhir.cl.minsal.eis#0.1.0\input-cache\schemas\R5\xml.xsd
      [get] Not modified - so not downloaded
      [get] Getting: http://build.fhir.org/xmldsig-core-schema.xsd
      [get] To: C:\Users\franco.ulloa\Documents\sushi\eis_publish_hl7\temp\hl7.fhir.cl.minsal.eis#0.1.0\input-cache\schemas\R5\xmldsig-core-schema.xsd
      [get] Not modified - so not downloaded

onGenerate.r4-schemas:
      [get] Getting: http://hl7.org/fhir/R4/fhir-single.xsd
      [get] To: C:\Users\franco.ulloa\Documents\sushi\eis_publish_hl7\temp\hl7.fhir.cl.minsal.eis#0.1.0\input-cache\schemas\R4\fhir-single.xsd
      [get] Not modified - so not downloaded
      [get] Getting: http://hl7.org/fhir/R4/fhir-xhtml.xsd
      [get] To: C:\Users\franco.ulloa\Documents\sushi\eis_publish_hl7\temp\hl7.fhir.cl.minsal.eis#0.1.0\input-cache\schemas\R4\fhir-xhtml.xsd
      [get] Not modified - so not downloaded
      [get] Getting: http://hl7.org/fhir/R4/xml.xsd
      [get] To: C:\Users\franco.ulloa\Documents\sushi\eis_publish_hl7\temp\hl7.fhir.cl.minsal.eis#0.1.0\input-cache\schemas\R4\xml.xsd
      [get] Not modified - so not downloaded
      [get] Getting: http://hl7.org/fhir/R4/xmldsig-core-schema.xsd
      [get] To: C:\Users\franco.ulloa\Documents\sushi\eis_publish_hl7\temp\hl7.fhir.cl.minsal.eis#0.1.0\input-cache\schemas\R4\xmldsig-core-schema.xsd
      [get] Not modified - so not downloaded

onGenerate.r3-schemas:

onGenerate.r2b-schemas:

onGenerate.r2-schemas:

onGenerate.schemas:

onGenerate.data:
     [xslt] Processing C:\Users\franco.ulloa\Documents\sushi\eis_publish_hl7\temp\hl7.fhir.cl.minsal.eis#0.1.0\template\onGenerate-ig-working.xml to C:\Users\franco.ulloa\Documents\sushi\eis_publish_hl7\temp\hl7.fhir.cl.minsal.eis#0.1.0\temp\pages\_data\artifacts.json
     [xslt] Loading stylesheet C:\Users\franco.ulloa\Documents\sushi\eis_publish_hl7\temp\hl7.fhir.cl.minsal.eis#0.1.0\template\scripts\onGenerate.data.xslt

onGenerate.setup:

onGenerate.infoFile:
     [xslt] Processing C:\Users\franco.ulloa\Documents\sushi\eis_publish_hl7\temp\hl7.fhir.cl.minsal.eis#0.1.0\template\onGenerate-ig-working.xml to C:\Users\franco.ulloa\Documents\sushi\eis_publish_hl7\temp\hl7.fhir.cl.minsal.eis#0.1.0\temp\pages\_data\info.json
     [xslt] Loading stylesheet C:\Users\franco.ulloa\Documents\sushi\eis_publish_hl7\temp\hl7.fhir.cl.minsal.eis#0.1.0\template\scripts\onGenerate.genJson.xslt

onGenerate.processIncludes:
     [copy] Copying 18 files to C:\Users\franco.ulloa\Documents\sushi\eis_publish_hl7\temp\hl7.fhir.cl.minsal.eis#0.1.0\temp\pages\_includes

onGenerate.processIg:
     [xslt] Processing C:\Users\franco.ulloa\Documents\sushi\eis_publish_hl7\temp\hl7.fhir.cl.minsal.eis#0.1.0\template\onGenerate-ig-working.xml to C:\Users\franco.ulloa\Documents\sushi\eis_publish_hl7\temp\hl7.fhir.cl.minsal.eis#0.1.0\template\onGenerate-ig-working.1.xml
     [xslt] Loading stylesheet C:\Users\franco.ulloa\Documents\sushi\eis_publish_hl7\temp\hl7.fhir.cl.minsal.eis#0.1.0\template\scripts\onGenerate.group.xslt
     [xslt] Processing C:\Users\franco.ulloa\Documents\sushi\eis_publish_hl7\temp\hl7.fhir.cl.minsal.eis#0.1.0\template\onGenerate-ig-working.1.xml to C:\Users\franco.ulloa\Documents\sushi\eis_publish_hl7\temp\hl7.fhir.cl.minsal.eis#0.1.0\template\onGenerate-ig-working.2.xml
     [xslt] Loading stylesheet C:\Users\franco.ulloa\Documents\sushi\eis_publish_hl7\temp\hl7.fhir.cl.minsal.eis#0.1.0\template\scripts\onGenerate.groupSort.xslt
     [xslt] Processing C:\Users\franco.ulloa\Documents\sushi\eis_publish_hl7\temp\hl7.fhir.cl.minsal.eis#0.1.0\template\onGenerate-ig-working.2.xml to C:\Users\franco.ulloa\Documents\sushi\eis_publish_hl7\temp\hl7.fhir.cl.minsal.eis#0.1.0\template\onGenerate-ig-updated.xml
     [xslt] Loading stylesheet C:\Users\franco.ulloa\Documents\sushi\eis_publish_hl7\temp\hl7.fhir.cl.minsal.eis#0.1.0\template\scripts\onGenerate.final.xslt

onGenerate.igQa:
     [xslt] Processing C:\Users\franco.ulloa\Documents\sushi\eis_publish_hl7\temp\hl7.fhir.cl.minsal.eis#0.1.0\template\onGenerate-ig-updated.xml to C:\Users\franco.ulloa\Documents\sushi\eis_publish_hl7\temp\hl7.fhir.cl.minsal.eis#0.1.0\template\ongenerate-validation-igqa.json
     [xslt] Loading stylesheet C:\Users\franco.ulloa\Documents\sushi\eis_publish_hl7\temp\hl7.fhir.cl.minsal.eis#0.1.0\template\scripts\onGenerate.qa.xslt

onGenerate.artifactList:
     [xslt] Processing C:\Users\franco.ulloa\Documents\sushi\eis_publish_hl7\temp\hl7.fhir.cl.minsal.eis#0.1.0\template\onGenerate-ig-updated.xml to C:\Users\franco.ulloa\Documents\sushi\eis_publish_hl7\temp\hl7.fhir.cl.minsal.eis#0.1.0\temp\pages\_includes\artifacts.xml
     [xslt] Loading stylesheet C:\Users\franco.ulloa\Documents\sushi\eis_publish_hl7\temp\hl7.fhir.cl.minsal.eis#0.1.0\template\scripts\createArtifactSummary.xslt

check-plantumlfiles:

onGenerate.plantUml.ig:

onGenerate.plantUml.template:

onGenerate.plantUml:

onGenerate.copyDataFiles:

onGenerate.extend:

onGenerate:
Template Done                                                                                        (00:02.267 / 00:45.294, 503Mb)
Generate HTML Outputs                                                                                (00:00.001 / 00:45.296, 503Mb)
ERROR StatusLogger Log4j2 could not find a logging implementation. Please add log4j-core to the classpath. Using SimpleLogger to log to the console...
Generate Summaries                                                                                   (00:14.115 / 00:59.412, 1Gb)
Generating Summary Outputs                                                                           (00:00.001 / 00:59.413, 1Gb)
DB Cumulative Time invested: 00:00:07.409
Sending Usage Stats to Server                                                                        (00:16.426 / 01:15.840, 1Gb)
## Memory (MB): Use = 1210, Free = 897, Total = 2108, Max = 7884                                     (00:00.007 / 01:15.848, 1Gb)
Reclaiming memory...                                                                                 (00:00.001 / 01:15.849, 1Gb)
## Memory (MB): Use = 689, Free = 1418, Total = 2108, Max = 7884                                     (00:00.253 / 01:16.103, 691Mb)
Run jekyll: jekyll build --destination "C:\Users\franco.ulloa\Documents\sushi\eis_publish_hl7\temp\hl7.fhir.cl.minsal.eis#0.1.0\output" (in folder C:\Users\franco.ulloa\Documents\sushi\eis_publish_hl7\temp\hl7.fhir.cl.minsal.eis#0.1.0\temp\pages) (00:00.003 / 01:16.107, 691Mb)
Due to a known issue, Jekyll errors are lost between Java and Ruby in windows systems.               (00:00.002 / 01:16.109, 691Mb)
If the build process hangs at this point, you have to go to a                                        (00:00.001 / 01:16.110, 691Mb)
command prompt, and then run these two commands:                                                     (00:00.001 / 01:16.111, 691Mb)
                                                                                                     (00:00.001 / 01:16.113, 691Mb)
cd C:\Users\franco.ulloa\Documents\sushi\eis_publish_hl7\temp\hl7.fhir.cl.minsal.eis#0.1.0\temp\pages (00:00.001 / 01:16.114, 691Mb)
jekyll build --destination "C:\Users\franco.ulloa\Documents\sushi\eis_publish_hl7\temp\hl7.fhir.cl.minsal.eis#0.1.0\output" (00:00.001 / 01:16.116, 691Mb)
                                                                                                     (00:00.001 / 01:16.117, 691Mb)
and then investigate why Jekyll has failed                                                           (00:00.001 / 01:16.119, 691Mb)
Troubleshooting Note: usual cases for Jekyll to fail are:                                            (00:00.001 / 01:16.120, 691Mb)
* A failure to produce a fragment that is already logged in the output above                         (00:00.001 / 01:16.121, 691Mb)
* A reference to a manually edited file that hasn't been provided                                    (00:00.001 / 01:16.122, 691Mb)
Jekyll: Source: C:/Users/franco.ulloa/Documents/sushi/eis_publish_hl7/temp/hl7.fhir.cl.minsal.eis#0.1.0/temp/pages (00:01.511 / 01:17.634, 695Mb)
Jekyll: Generating...                                                                                (00:00.001 / 01:17.635, 695Mb)
Jekyll: done in 4.669 seconds.                                                                       (00:04.667 / 01:22.303, 697Mb)

onCheck.extend:

onCheck:

Installing hl7.fhir.cl.minsal.eis#0.1.0
 done.
Checking Output HTML                                                                                 (00:03.856 / 01:26.159, 809Mb)
found 1524 files                                                                                     (00:00.040 / 01:26.199, 809Mb)
........................................
........................................
  ... 1524 html files, 0 pages invalid xhtml (0%)                                                    (00:05.150 / 01:31.350, 1Gb)
  ... 44041 links, 0 broken links (0%)                                                               (00:00.003 / 01:31.353, 1Gb)
Generate fragment-usage-analysis.csv                                                                 (00:00.001 / 01:31.355, 1Gb)
Build final .zip                                                                                     (00:00.009 / 01:31.364, 1Gb)
Final .zip built                                                                                     (00:01.385 / 01:32.750, 1Gb)
Built. Times: loading: 00:00.878, generate: 01:04.765, narrative generation: 00:01.214, realm-rules: 00:00.001, previous-version: 00:00.000, jekyll: 00:06.212, validation: 00:03.633 (#99), template: 00:02.281 (#3) (00:02.939 / 01:35.689, 751Mb)
Generating QA                                                                                        (00:00.002 / 01:35.692, 751Mb)
Validation output in C:\Users\franco.ulloa\Documents\sushi\eis_publish_hl7\temp\hl7.fhir.cl.minsal.eis#0.1.0\output\qa.html
Errors: 0, Warnings: 11, Info: 0, Broken Links: 0 (00:00.425 / 01:36.117, 1Gb)
Finished. Max Memory Used = 1Gb. Log file saved in C:\Users\FRANCO~1.ULL\AppData\Local\Temp\fhir-ig-publisher-tmp.log (00:00.018 / 01:36.135, 1Gb)
Keep a copy of the build directory at C:\Users\franco.ulloa\Documents\sushi\eis_publish_hl7\temp\web-root\run-20241129\ig-build-zips\hl7.fhir.cl.minsal.eis#0.1.0.zip
Sending usage stats failed: Connection timed out: connect

ok. All checks passed. Publish v0.1.0 to C:\Users\franco.ulloa\Documents\sushi\eis_publish_hl7\temp\web-root\run-20241129\0.1.0
Copy the IG to C:\Users\franco.ulloa\Documents\sushi\eis_publish_hl7\temp\web-root\run-20241129\0.1.0
Update C:\Users\franco.ulloa\Documents\sushi\eis_publish_hl7\temp\web-root\run-20241129\package-list.json
Publish Box Statement: This page is part of the Guía de Estandares de Informacionde Salud (v0.1.0: <a no-external="true" href="https://confluence.hl7.org/display/HL7/HL7+Balloting" title="Standard for Trial-Use">STU</a>1 Draft) based on <a no-external="true" href="http://hl7.org/fhir/R4">FHIR (HL7® FHIR® Standard) R4</a>. .  For a full list of available versions, see the <a no-external="true" href="https://interoperabilidad.minsal.cl/fhir/ig/eis/history.html">Directory of published versions</a>
no html insert in C:\Users\franco.ulloa\Documents\sushi\eis_publish_hl7\temp\web-root\run-20241129\0.1.0\qa-txservers.html
  .. 592 files checked, 592 updated
  .. 201 clones checked, 402 updated
  .. 4 redirections (4 created/updated)
Update history page at C:\Users\franco.ulloa\Documents\sushi\eis_publish_hl7\temp\web-root\run-20241129\ from C:\Users\franco.ulloa\Documents\sushi\eis_publish_hl7\fhir-ig-history-template-master and C:\Users\franco.ulloa\Documents\sushi\eis_publish_hl7\ig\templates
Build is complete. Copy from C:\Users\franco.ulloa\Documents\sushi\eis_publish_hl7\temp\web-root\run-20241129
Error in package-list.json:path to build.fhir.org should not use https://
hl7.fhir.cl.minsal.eis (https://interoperabilidad.minsal.cl/fhir/ig/eis): Guía de Estandares de Informacionde Salud @ http://build.fhir.org/ig/Minsal-CL/eis
  candidate: STU1 Draft 0.1.0/4.0.1 @ https://interoperabilidad.minsal.cl/fhir/ig/eis/0.1.0
