FHIR IG Publisher Version 2.0.26 (Git# 0a43ac207d1f). Built 2025-11-06T09:21:35.314Z (29 days old)
Detected Java version: 17.0.16 from C:\Program Files\Eclipse Adoptium\jdk-17.0.16.8-hotspot on amd64 (64bit). 7884MB available
dir = C:\Users\franco.ulloa\Documents\sushi\NID_PUBLISH_Hl7\NID_Origin, path = C:\Program Files\PowerShell\7;C:\Program Files\Eclipse Adoptium\jdk-17\bin;C:\Program Files\Eclipse Adoptium\jdk-17.0.16.8-hotspot\bin;C:\Program Files\Common Files\Oracle\Java\javapath;C:\Oracle\product\19.0.0\client_1\bin;C:\WINDOWS\system32;C:\WINDOWS;C:\WINDOWS\System32\Wbem;C:\WINDOWS\System32\WindowsPowerShell\v1.0\;C:\WINDOWS\System32\OpenSSH\;C:\Users\franco.ulloa\AppData\Roaming\nvm;C:\Program Files\nodejs;C:\Program Files\Amazon\AWSCLIV2\;C:\Program Files\Eclipse Adoptium\jdk-17.0.16.8-hotspot\\bin;C:\apache-maven-3.9.6\bin;C:\Program Files (x86)\Agfa\IMPAX RIS\RIS 6.4.3\;C:\Program Files (x86)\Agfa\IMPAX RIS\RIS 6.4.3\Axis2c\lib;C:\Program Files\Git LFS;C:\Program Files\GitHub CLI\;C:\Program Files\Docker\Docker\resources\bin;C:\Program Files\MySQL\MySQL Shell 8.0\bin\;C:\Ruby34-x64\bin;C:\Ruby32-x64\bin;C:\Users\franco.ulloa\AppData\Local\Microsoft\WindowsApps;C:\Users\franco.ulloa\AppData\Local\Programs\Microsoft VS Code\bin;C:\Program Files\JetBrains\DataGrip 2023.3.3\b;C:\Program Files\PowerShell\7\;C:\Program Files\Git\cmd;C:\Program Files\MySQL\MySQL Shell 8.0\bin\;C:\Ruby34-x64\bin;C:\Ruby32-x64\bin;C:\Users\franco.ulloa\AppData\Local\Microsoft\WindowsApps;C:\Users\franco.ulloa\AppData\Roaming\nvm;C:\Program Files\nodejs;C:\Users\franco.ulloa\AppData\Local\Programs\Microsoft VS Code\bin;C:\Program Files\JetBrains\DataGrip 2023.3.3\bin;;C:\Program Files\Eclipse Adoptium\jdk-17.0.16.8-hotspot;C:\Program Files\Eclipse Adoptium\jdk-17.0.16.8-hotspot\bin;C:\apache-maven-3.9.6\bin;C:\FHIRServer;C:\Users\franco.ulloa\flutter\bin;C:\Users\franco.ulloa\AppData\Local\GitHubDesktop\bin;C:\Users\franco.ulloa\AppData\Local\Microsoft\WinGet\Links;
Parameters: -ig . -go-publish -source C:/Users/franco.ulloa/Documents/sushi/NID_PUBLISH_HL7/NID_Origin -web C:/Users/franco.ulloa/Documents/sushi/NID_PUBLISH_HL7/nid -registry C:/Users/franco.ulloa/Documents/sushi/NID_PUBLISH_HL7/ig-registry-master/fhir-ig-list.json -history C:/Users/franco.ulloa/Documents/sushi/NID_PUBLISH_HL7//fhir-ig-history-template-master/ -temp C:/Users/franco.ulloa/Documents/sushi/NID_PUBLISH_HL7/temp -templates C:/Users/franco.ulloa/Documents/sushi/NID_PUBLISH_HL7/nid/templates -tx https://tx.hl7chile.cl/r4
---------------
Publication Run: publish C:/Users/franco.ulloa/Documents/sushi/NID_PUBLISH_HL7/NID_Origin to C:/Users/franco.ulloa/Documents/sushi/NID_PUBLISH_HL7/nid
Relative directory for IG is '\'
===== Web Publication Run Details ===============================
 Source IG: hl7.fhir.cl.minsal.nid#0.4.9 : https://interoperabilidad.minsal.cl/fhir/ig/nid (R4) from C:/Users/franco.ulloa/Documents/sushi/NID_PUBLISH_HL7/NID_Origin
All checks passed. Do the publication build from C:\Users\franco.ulloa\Documents\sushi\NID_PUBLISH_HL7\NID_Origin and publish to C:\Users\franco.ulloa\Documents\sushi\NID_PUBLISH_HL7\temp\web-root\run-20251205\
Prepare Build space in C:\Users\franco.ulloa\Documents\sushi\NID_PUBLISH_HL7\temp\ig-builds\hl7.fhir.cl.minsal.nid#0.4.9
Build IG at C:\Users\franco.ulloa\Documents\sushi\NID_PUBLISH_HL7\NID_Origin: final copy suitable for publication (in C:\Users\franco.ulloa\Documents\sushi\NID_PUBLISH_HL7\temp\ig-builds\hl7.fhir.cl.minsal.nid#0.4.9)
FHIR IG Publisher Version 2.0.26 (Git# 0a43ac207d1f). Built 2025-11-06T09:21:35.314Z (29 days old)  
Detected Java version: 17.0.16 from C:\Program Files\Eclipse Adoptium\jdk-17.0.16.8-hotspot on Windows 11/amd64 (64bit). 7884MB available
dir = C:\Users\franco.ulloa\Documents\sushi\NID_PUBLISH_Hl7\NID_Origin, path = C:\Program Files\PowerShell\7;C:\Program Files\Eclipse Adoptium\jdk-17\bin;C:\Program Files\Eclipse Adoptium\jdk-17.0.16.8-hotspot\bin;C:\Program Files\Common Files\Oracle\Java\javapath;C:\Oracle\product\19.0.0\client_1\bin;C:\WINDOWS\system32;C:\WINDOWS;C:\WINDOWS\System32\Wbem;C:\WINDOWS\System32\WindowsPowerShell\v1.0\;C:\WINDOWS\System32\OpenSSH\;C:\Users\franco.ulloa\AppData\Roaming\nvm;C:\Program Files\nodejs;C:\Program Files\Amazon\AWSCLIV2\;C:\Program Files\Eclipse Adoptium\jdk-17.0.16.8-hotspot\\bin;C:\apache-maven-3.9.6\bin;C:\Program Files (x86)\Agfa\IMPAX RIS\RIS 6.4.3\;C:\Program Files (x86)\Agfa\IMPAX RIS\RIS 6.4.3\Axis2c\lib;C:\Program Files\Git LFS;C:\Program Files\GitHub CLI\;C:\Program Files\Docker\Docker\resources\bin;C:\Program Files\MySQL\MySQL Shell 8.0\bin\;C:\Ruby34-x64\bin;C:\Ruby32-x64\bin;C:\Users\franco.ulloa\AppData\Local\Microsoft\WindowsApps;C:\Users\franco.ulloa\AppData\Local\Programs\Microsoft VS Code\bin;C:\Program Files\JetBrains\DataGrip 2023.3.3\b;C:\Program Files\PowerShell\7\;C:\Program Files\Git\cmd;C:\Program Files\MySQL\MySQL Shell 8.0\bin\;C:\Ruby34-x64\bin;C:\Ruby32-x64\bin;C:\Users\franco.ulloa\AppData\Local\Microsoft\WindowsApps;C:\Users\franco.ulloa\AppData\Roaming\nvm;C:\Program Files\nodejs;C:\Users\franco.ulloa\AppData\Local\Programs\Microsoft VS Code\bin;C:\Program Files\JetBrains\DataGrip 2023.3.3\bin;;C:\Program Files\Eclipse Adoptium\jdk-17.0.16.8-hotspot;C:\Program Files\Eclipse Adoptium\jdk-17.0.16.8-hotspot\bin;C:\apache-maven-3.9.6\bin;C:\FHIRServer;C:\Users\franco.ulloa\flutter\bin;C:\Users\franco.ulloa\AppData\Local\GitHubDesktop\bin;C:\Users\franco.ulloa\AppData\Local\Microsoft\WinGet\Links;
Parameters: -publish https://interoperabilidad.minsal.cl/fhir/ig/nid/0.4.9 -no-exit -tx https://tx.hl7chile.cl/r4 -ig C:\Users\franco.ulloa\Documents\sushi\NID_PUBLISH_HL7\temp\ig-builds\hl7.fhir.cl.minsal.nid#0.4.9 -resetTx
Character encoding = UTF-8 / UTF-8                                                                  
Start Clock @ viernes, 5 de diciembre de 2025, 14:30:03 (hora de verano de Chile) (2025-12-05T14:30:03-03:00)
                                                                                                    
Build FHIR IG from C:\Users\franco.ulloa\Documents\sushi\NID_PUBLISH_HL7\temp\ig-builds\hl7.fhir.cl.minsal.nid#0.4.9 (00:00.238 / 00:00.239, 94Mb)
Build Formal Publication package, intended for https://interoperabilidad.minsal.cl/fhir/ig/nid/0.4.9 (00:00.004 / 00:00.243, 94Mb)
API keys loaded from C:\Users\franco.ulloa\.fhir\fhir-settings.json                                  (00:00.002 / 00:00.245, 94Mb)
Package Cache: C:\Users\franco.ulloa\.fhir\packages                                                  (00:00.005 / 00:00.251, 94Mb)
Run Sushi on C:\Users\franco.ulloa\Documents\sushi\NID_PUBLISH_HL7\temp\ig-builds\hl7.fhir.cl.minsal.nid#0.4.9 (00:00.017 / 00:00.268, 94Mb)
Sushi: info  Running SUSHI v3.16.5 (implements FHIR Shorthand specification v3.0.0)                  (00:02.214 / 00:02.483, 96Mb)
Sushi: info  Arguments:                                                                              (00:00.002 / 00:02.485, 96Mb)
Sushi: info    --require-latest                                                                      (00:00.001 / 00:02.486, 96Mb)
Sushi: info    --out C:\Users\franco.ulloa\Documents\sushi\NID_PUBLISH_Hl7\temp\ig-builds\hl7.fhir.cl.minsal.nid#0.4.9 (00:00.001 / 00:02.488, 97Mb)
Sushi: info    C:\Users\franco.ulloa\Documents\sushi\NID_PUBLISH_Hl7\temp\ig-builds\hl7.fhir.cl.minsal.nid#0.4.9 (00:00.012 / 00:02.502, 97Mb)
Sushi: info  Using configuration file: C:\Users\franco.ulloa\Documents\sushi\NID_PUBLISH_Hl7\temp\ig-builds\hl7.fhir.cl.minsal.nid#0.4.9\sushi-config.yaml (00:02.356 / 00:04.858, 97Mb)
Sushi: info  Importing FSH text...                                                                   (00:00.190 / 00:05.048, 97Mb)
Sushi: info  Preprocessed 54 documents with 8 aliases.                                               (00:00.774 / 00:05.823, 97Mb)
Sushi: info  Imported 76 definitions and 77 instances.                                               (00:00.079 / 00:05.902, 97Mb)
Sushi: info  Loaded virtual package sushi-r5forR4#1.0.0 with 7 resources                             (00:00.195 / 00:06.098, 97Mb)
Sushi: info  Resolved hl7.fhir.uv.tools.r4#latest to concrete version 0.8.0                          (00:01.275 / 00:07.373, 97Mb)
Sushi: info  Loaded hl7.fhir.uv.tools.r4#0.8.0 with 110 resources                                    (00:00.129 / 00:07.502, 97Mb)
Sushi: info  Resolved hl7.terminology.r4#latest to concrete version 7.0.0                            (00:00.247 / 00:07.750, 97Mb)
Sushi: info  Loaded hl7.terminology.r4#7.0.0 with 4096 resources                                     (00:01.899 / 00:09.649, 97Mb)
Sushi: info  Resolved hl7.fhir.uv.extensions.r4#latest to concrete version 5.2.0                     (00:00.247 / 00:09.896, 97Mb)
Sushi: info  Loaded hl7.fhir.uv.extensions.r4#5.2.0 with 759 resources                               (00:00.386 / 00:10.283, 97Mb)
Sushi: info  Loaded hl7.fhir.cl.clcore#1.9.4 with 74 resources                                       (00:00.040 / 00:10.324, 97Mb)
Sushi: info  Loaded ihe.iti.pixm#3.1.0 with 16 resources                                             (00:00.017 / 00:10.341, 97Mb)
Sushi: info  Loaded ihe.iti.pdqm#3.2.0 with 15 resources                                             (00:00.014 / 00:10.355, 97Mb)
Sushi: info  Loaded hl7.fhir.r4.core#4.0.1 with 4581 resources                                       (00:01.983 / 00:12.338, 97Mb)
Sushi: info  Loaded virtual package sushi-local#LOCAL with 0 resources                               (00:00.019 / 00:12.357, 97Mb)
Sushi: info  Converting FSH to FHIR resources...                                                     (00:00.040 / 00:12.399, 97Mb)
Sushi: info  Converted 23 FHIR StructureDefinitions.                                                 (00:04.083 / 00:16.481, 97Mb)
Sushi: info  Converted 25 FHIR CodeSystems.                                                          (00:01.281 / 00:17.763, 97Mb)
Sushi: info  Converted 28 FHIR ValueSets.                                                            (00:01.871 / 00:19.634, 97Mb)
Sushi: info  Converted 77 FHIR instances.                                                            (00:05.168 / 00:24.803, 97Mb)
Sushi: info  Exporting FHIR resources as JSON...                                                     (00:00.002 / 00:24.805, 97Mb)
Sushi: info  Exported 107 FHIR resources as JSON.                                                    (00:00.367 / 00:25.172, 97Mb)
Sushi: info  Assembling Implementation Guide sources...                                              (00:00.025 / 00:25.198, 97Mb)
Sushi: info  Generated ImplementationGuide-hl7.fhir.cl.minsal.nid.json                               (00:00.036 / 00:25.234, 97Mb)
Sushi: info  Assembled Implementation Guide sources; ready for IG Publisher.                         (00:00.001 / 00:25.236, 97Mb)
Sushi: ========================= SUSHI RESULTS ===========================                           (00:00.001 / 00:25.237, 97Mb)
Sushi: |  -------------------------------------------------------------  |                           (00:00.012 / 00:25.250, 97Mb)
Sushi: | |    Profiles   |  Extensions  |   Logicals   |   Resources   | |                           (00:00.004 / 00:25.255, 97Mb)
Sushi: | |-------------------------------------------------------------| |                           (00:00.003 / 00:25.258, 97Mb)
Sushi: | |      16       |      7       |      0       |       0       | |                           (00:00.001 / 00:25.260, 97Mb)
Sushi: |  -------------------------------------------------------------  |                           (00:00.001 / 00:25.262, 97Mb)
Sushi: |  -------------------------------------------------------------  |                           (00:00.002 / 00:25.264, 97Mb)
Sushi: | |      ValueSets     |    CodeSystems    |     Instances      | |                           (00:00.002 / 00:25.266, 97Mb)
Sushi: | |-------------------------------------------------------------| |                           (00:00.001 / 00:25.268, 97Mb)
Sushi: | |         28         |        25         |         77         | |                           (00:00.001 / 00:25.269, 97Mb)
Sushi: |  -------------------------------------------------------------  |                           (00:00.012 / 00:25.282, 97Mb)
Sushi: |                                                                 |                           (00:00.005 / 00:25.287, 97Mb)
Sushi: ===================================================================                           (00:00.002 / 00:25.290, 97Mb)
Sushi: | You've found your sea legs.            0 Errors      0 Warnings |                           (00:00.002 / 00:25.292, 97Mb)
Sushi: ===================================================================                           (00:00.002 / 00:25.294, 97Mb)
Root directory: C:\Users\franco.ulloa\Documents\sushi\NID_PUBLISH_HL7\temp\ig-builds\hl7.fhir.cl.minsal.nid#0.4.9 (00:00.035 / 00:25.330, 97Mb)
Unable to load IG as an r5 IG - try R4 (property code is a class com.google.gson.JsonPrimitive looking for an object) (00:00.669 / 00:26.000, 66Mb)
Load Template from hl7chile-ig-template                                                              (00:00.859 / 00:26.859, 26Mb)
 Load Template from fhir.base.template#current                                                       (00:00.984 / 00:27.844, 64Mb)
Scanning directory: C:\Users\franco.ulloa\Documents\sushi\NID_PUBLISH_HL7\temp\ig-builds\hl7.fhir.cl.minsal.nid#0.4.9\template
======================================================================
Terminology Cache is at C:\Users\franco.ulloa\Documents\sushi\NID_PUBLISH_HL7\temp\ig-builds\hl7.fhir.cl.minsal.nid#0.4.9\input-cache\txcache. Clearing now (00:11.004 / 00:38.848, 102Mb)
Core Package hl7.fhir.r4.core#4.0.1                                                                  (00:00.035 / 00:38.885, 102Mb)
Running Terminology Log: C:\Users\FRANCO~1.ULL\AppData\Local\Temp\ohfu-fhir-ig-2984859091452309117.html
Connect to Terminology Server at https://tx.hl7chile.cl/r4                                           (00:09.000 / 00:47.884, 326Mb)
[39mLoad Package hl7.fhir.pubpack#0.2.3
[0;39m[39mLoad Package hl7.fhir.xver-extensions#0.1.0
[0;39m[39mLoad Package hl7.terminology.r4#7.0.0
[0;39m[39mLoad Package hl7.fhir.uv.extensions.r4#5.2.0
[0;39m[39mLoad Package hl7.terminology.r4#6.5.0
[0;39m[39mLoad Package hl7.terminology.r4#6.1.0
[0;39m[39mLoad Package hl7.fhir.uv.extensions.r4#5.1.0
[0;39m[39mLoad Package hl7.fhir.cl.minsal.eis#0.1.0
[0;39m[39mLoad Package hl7.fhir.cl.clcore#1.9.4
[0;39m[39mLoad Package ihe.iti.balp#1.1.4
[0;39m[39mLoad Package ihe.iti.balp#1.1.4
[0;39m[39mLoad Package ihe.iti.pdqm#3.2.0
[0;39m[39mLoad Package ihe.iti.pixm#3.1.0
[0;39m[39mLoad Package ihe.iti.balp#1.1.4
[0;39m[39mLoad Package ihe.iti.pdqm#3.2.0
[0;39m[39mLoad Package hl7.fhir.uv.tools.r4#0.8.0
[0;39mLoad R5 Specials
Initialization complete                                                                              (00:21.185 / 01:09.070, 1Gb)
Load IG                                                                                              (00:00.002 / 01:09.072, 1Gb)
Load Content                                                                                         (00:00.006 / 01:09.079, 1Gb)
Using es_CL as the default narrative language. (inferred from ImplementationGuide.jurisdiction=CL)   (00:00.206 / 01:09.285, 1Gb)
Process Loaded Resources                                                                             (00:02.718 / 01:12.003, 1Gb)
Generating Snapshots                                                                                 (00:01.097 / 01:13.100, 712Mb)

Signing Certificate: RSA key for Subject: OU=IG Publisher, L=Ann Arbor, CN=hl7.org, O=HL7, ST=Missouri, C=us from: OU=IG Publisher, L=Ann Arbor, CN=hl7.org, O=HL7, ST=Missouri, C=us
Fetch https://interoperabilidad.minsal.cl/fhir/ig/nid/package-list.json for version check            (00:03.540 / 01:16.640, 619Mb)
Checking Language                                                                                    (00:00.455 / 01:17.096, 633Mb)
Load Dependency Info                                                                                 (00:00.006 / 01:17.102, 633Mb)
Load Info                                                                                            (00:00.005 / 01:17.108, 633Mb)
Load Paths                                                                                           (00:00.002 / 01:17.110, 635Mb)
Check R4 / R4B                                                                                       (00:00.001 / 01:17.112, 635Mb)
Assign Comparison Ids                                                                                (00:00.045 / 01:17.157, 651Mb)
Propagating status                                                                                   (00:00.002 / 01:17.160, 651Mb)
Generating Narratives                                                                                (00:00.002 / 01:17.162, 651Mb)
Validating Conformance Resources                                                                     (00:08.412 / 01:25.574, 1Gb)
Check profiles & code systems                                                                        (01:41.048 / 03:06.623, 1Gb)
Check realm rules                                                                                    (00:00.006 / 03:06.629, 1Gb)
Previous Version Comparison                                                                          (00:00.001 / 03:06.630, 1Gb)
Checking for Bundles to sign                                                                         (00:33.337 / 03:39.967, 1Gb)
Validating Resources                                                                                 (00:00.001 / 03:39.969, 1Gb)
Processing Provenance Records                                                                        (00:08.180 / 03:48.150, 1Gb)
Generating Outputs in C:\Users\franco.ulloa\Documents\sushi\NID_PUBLISH_HL7\temp\ig-builds\hl7.fhir.cl.minsal.nid#0.4.9\output (00:00.001 / 03:48.151, 1Gb)
Warning @ Git URL is not a valid URl. Source: git remote origin url
Generate Native Outputs                                                                              (00:04.070 / 03:52.222, 1Gb)
Run Template                                                                                         (00:29.607 / 04:21.829, 1Gb)
Generate HTML Outputs                                                                                (00:04.542 / 04:26.372, 1Gb)
Generate Spreadsheets                                                                                (00:55.119 / 05:21.491, 1Gb)
Generate Summaries                                                                                   (00:08.561 / 05:30.052, 2Gb)
Generating Summary Outputs                                                                           (00:00.001 / 05:30.053, 2Gb)
DB Cumulative Time invested: 00:00:09.253
Sending Usage Stats to Server                                                                        (01:05.587 / 06:35.641, 1Gb)
## Memory (MB): Use = 1985, Free = 418, Total = 2404, Max = 7884                                     (00:00.007 / 06:35.648, 1Gb)
Reclaiming memory...                                                                                 (00:00.001 / 06:35.650, 1Gb)
## Memory (MB): Use = 1587, Free = 1092, Total = 2680, Max = 7884                                    (00:00.466 / 06:36.116, 1Gb)
Run jekyll: jekyll build --destination "C:\Users\franco.ulloa\Documents\sushi\NID_PUBLISH_HL7\temp\ig-builds\hl7.fhir.cl.minsal.nid#0.4.9\output" (in folder C:\Users\franco.ulloa\Documents\sushi\NID_PUBLISH_HL7\temp\ig-builds\hl7.fhir.cl.minsal.nid#0.4.9\temp\pages) (00:00.006 / 06:36.122, 1Gb)
Due to a known issue, Jekyll errors are lost between Java and Ruby in windows systems.               (00:00.003 / 06:36.126, 1Gb)
If the build process hangs at this point, you have to go to a                                        (00:00.001 / 06:36.127, 1Gb)
command prompt, and then run these two commands:                                                     (00:00.001 / 06:36.129, 1Gb)
                                                                                                     (00:00.001 / 06:36.131, 1Gb)
cd C:\Users\franco.ulloa\Documents\sushi\NID_PUBLISH_HL7\temp\ig-builds\hl7.fhir.cl.minsal.nid#0.4.9\temp\pages (00:00.001 / 06:36.132, 1Gb)
jekyll build --destination "C:\Users\franco.ulloa\Documents\sushi\NID_PUBLISH_HL7\temp\ig-builds\hl7.fhir.cl.minsal.nid#0.4.9\output" (00:00.001 / 06:36.133, 1Gb)
                                                                                                     (00:00.001 / 06:36.135, 1Gb)
and then investigate why Jekyll has failed                                                           (00:00.001 / 06:36.137, 1Gb)
Troubleshooting Note: usual cases for Jekyll to fail are:                                            (00:00.001 / 06:36.138, 1Gb)
* A failure to produce a fragment that is already logged in the output above                         (00:00.001 / 06:36.139, 1Gb)
* A reference to a manually edited file that hasn't been provided                                    (00:00.001 / 06:36.141, 1Gb)
Jekyll: Source: C:/Users/franco.ulloa/Documents/sushi/NID_PUBLISH_Hl7/temp/ig-builds/hl7.fhir.cl.minsal.nid#0.4.9/temp/pages (00:02.801 / 06:38.943, 1Gb)
Jekyll: Generating...                                                                                (00:00.004 / 06:38.947, 1Gb)
Jekyll: done in 11.993 seconds.                                                                      (00:11.987 / 06:50.934, 1Gb)
[39m
[0;39m[39mInstalling hl7.fhir.cl.minsal.nid#0.4.9
[0;39mSending usage stats failed: Connection timed out: connect
[39m done.
[0;39mChecking Output HTML                                                                                 (00:09.978 / 07:00.913, 1Gb)
Processed C:\Users\franco.ulloa\Documents\sushi\NID_PUBLISH_HL7\temp\ig-builds\hl7.fhir.cl.minsal.nid#0.4.9\output - % reduction = 100 (96091110 ==> 794614)
found 1994 files                                                                                     (00:03.418 / 07:04.331, 1Gb)
........................................
........................................
  ... 1994 html files, 0 pages invalid xhtml (0%)                                                    (00:34.678 / 07:39.009, 1Gb)
  ... 424276 links, 4 broken links (0%)                                                              (00:00.003 / 07:39.013, 1Gb)
Generate fragment-usage-analysis.csv                                                                 (00:00.001 / 07:39.014, 1Gb)
Build final .zip                                                                                     (00:00.020 / 07:39.035, 1Gb)
Final .zip built                                                                                     (00:09.115 / 07:48.150, 1Gb)
Built. Times: loading: 00:08.019, generate: 06:53.225, narrative generation: 00:08.409, realm-rules: 00:00.001, previous-version: 00:33.278, jekyll: 00:14.948, validation: 01:49.025 (#108), template: 00:04.567 (#3) (00:22.172 / 08:10.322, 2Gb)
Generating QA                                                                                        (00:00.002 / 08:10.325, 2Gb)
Validation output in C:\Users\franco.ulloa\Documents\sushi\NID_PUBLISH_HL7\temp\ig-builds\hl7.fhir.cl.minsal.nid#0.4.9\output\qa.html
Errors: 0, Warnings: 16, Info: 10, Broken Links: 4 (00:00.331 / 08:10.656, 2Gb)
Finished @ 05-12-25 14:38. Max Memory Used = 2Gb. Log file saved in C:\Users\FRANCO~1.ULL\AppData\Local\Temp\fhir-ig-publisher-tmp.log (00:00.036 / 08:10.692, 2Gb)
Keep a copy of the build directory at C:\Users\franco.ulloa\Documents\sushi\NID_PUBLISH_HL7\temp\web-root\run-20251205\ig-build-zips\hl7.fhir.cl.minsal.nid#0.4.9.zip

ok. All checks passed. Publish v0.4.9 to C:\Users\franco.ulloa\Documents\sushi\NID_PUBLISH_HL7\temp\web-root\run-20251205\0.4.9
Copy the IG to C:\Users\franco.ulloa\Documents\sushi\NID_PUBLISH_HL7\temp\web-root\run-20251205\0.4.9
Update C:\Users\franco.ulloa\Documents\sushi\NID_PUBLISH_HL7\temp\web-root\run-20251205\package-list.json
Publish Box Statement: This page is part of the Núcleo de Interoperabilidad de Datos (NID) - MINSAL (v0.4.9: <a data-no-external="true" href="https://confluence.hl7.org/display/HL7/HL7+Balloting" title="Standard for Trial-Use">STU</a>1 Draft) based on <a data-no-external="true" href="http://hl7.org/fhir/R4">FHIR (HL7® FHIR® Standard) R4</a>. No current official version has been published yet.  For a full list of available versions, see the <a data-no-external="true" href="https://interoperabilidad.minsal.cl/fhir/ig/nid/history.html">Directory of published versions</a>
  .. 693 files checked, 693 updated
  .. 377 clones checked, 754 updated
  .. 17 redirections (17 created/updated)
[Fatal Error] :101:1: Las estructuras del documento XML deben empezar y finalizar en la misma entidad.
Unable to process RSS feed C:\Users\franco.ulloa\Documents\sushi\NID_PUBLISH_HL7\temp\web-root\run-20251205\publication-feed.xml as XML - processing as text instead (Las estructuras del documento XML deben empezar y finalizar en la misma entidad.)
Error in package-list.json:path to build.fhir.org should not use https://
hl7.fhir.cl.minsal.nid (https://interoperabilidad.minsal.cl/fhir/ig/nid): Núcleo de Interoperabilidad de Datos (NID) - MINSAL @ http://build.fhir.org/ig/Minsal-CL/NID
  candidate: STU1 Draft 0.4.9/4.0.1 @ https://interoperabilidad.minsal.cl/fhir/ig/nid/0.4.9
Build is complete. Copy from C:\Users\franco.ulloa\Documents\sushi\NID_PUBLISH_HL7\temp\web-root\run-20251205
Update history page at C:\Users\franco.ulloa\Documents\sushi\NID_PUBLISH_HL7\temp\web-root\run-20251205\ from C:\Users\franco.ulloa\Documents\sushi\NID_PUBLISH_HL7\fhir-ig-history-template-master and C:/Users/franco.ulloa/Documents/sushi/NID_PUBLISH_HL7/nid/templates
