FHIR IG Publisher Version 1.8.22 (Git# 3d9b32f2efa8). Built 2025-03-19T04:54:10.544Z (16 days old)
Detected Java version: 11.0.24 from C:\Program Files\Java\jdk-11 on amd64 (64bit). 7884MB available
dir = C:\Users\franco.ulloa\Documents\sushi\NID_PUBLISH_Hl7\NID_Origin, path = C:\Users\franco.ulloa\AppData\Local\anaconda3;C:\Users\franco.ulloa\AppData\Local\anaconda3\Library\mingw-w64\bin;C:\Users\franco.ulloa\AppData\Local\anaconda3\Library\usr\bin;C:\Users\franco.ulloa\AppData\Local\anaconda3\Library\bin;C:\Users\franco.ulloa\AppData\Local\anaconda3\Scripts;C:\Users\franco.ulloa\AppData\Local\anaconda3\bin;C:\Users\franco.ulloa\AppData\Local\anaconda3\condabin;C:\Program Files\PowerShell\7;C:\Program Files\Common Files\Oracle\Java\javapath;C:\Oracle\product\19.0.0\client_1\bin;C:\WINDOWS\system32;C:\WINDOWS;C:\WINDOWS\System32\Wbem;C:\WINDOWS\System32\WindowsPowerShell\v1.0;C:\WINDOWS\System32\OpenSSH;C:\Users\franco.ulloa\AppData\Roaming\nvm;C:\Program Files\nodejs;C:\Program Files\Amazon\AWSCLIV2;C:\Program Files\Java\jdk-21\bin;C:\apache-maven-3.9.6\bin;C:\Program Files (x86)\Agfa\IMPAX RIS\RIS 6.4.3;C:\Program Files (x86)\Agfa\IMPAX RIS\RIS 6.4.3\Axis2c\lib;C:\Program Files\PowerShell\7;C:\Program Files\Git LFS;C:\Program Files\Docker\Docker\resources\bin;C:\Program Files\Git\cmd;C:\Ruby32-x64\bin;C:\Users\franco.ulloa\AppData\Local\Microsoft\WindowsApps;C:\Users\franco.ulloa\AppData\Roaming\nvm;C:\Program Files\nodejs;C:\Users\franco.ulloa\AppData\Local\Programs\Microsoft VS Code\bin;C:\Program Files\JetBrains\DataGrip 2023.3.3\bin;.;C:\Program Files\Java\jdk-21;C:\Program Files\Java\jdk-21\bin;C:\apache-maven-3.9.6\bin;C:\Program Files\FHIRServer;.
Parameters: -ig . -go-publish -source C:/Users/franco.ulloa/Documents/sushi/NID_PUBLISH_Hl7/NID_Origin -web C:/Users/franco.ulloa/Documents/sushi/NID_PUBLISH_Hl7/nid -registry C:/Users/franco.ulloa/Documents/sushi/NID_PUBLISH_Hl7/ig-registry-master/fhir-ig-list.json -history C:/Users/franco.ulloa/Documents/sushi/NID_PUBLISH_Hl7/fhir-ig-history-template-master/ -temp C:/Users/franco.ulloa/Documents/sushi/NID_PUBLISH_Hl7/temp -templates C:/Users/franco.ulloa/Documents/sushi/NID_PUBLISH_Hl7/nid/templates
---------------
Publication Run: publish C:/Users/franco.ulloa/Documents/sushi/NID_PUBLISH_Hl7/NID_Origin to C:/Users/franco.ulloa/Documents/sushi/NID_PUBLISH_Hl7/nid
Relative directory for IG is '\'
===== Web Publication Run Details ===============================
 Source IG: hl7.fhir.cl.minsal.nid#0.4.7 : https://interoperabilidad.minsal.cl/fhir/ig/nid (R4) from C:/Users/franco.ulloa/Documents/sushi/NID_PUBLISH_Hl7/NID_Origin
All checks passed. Do the publication build from C:\Users\franco.ulloa\Documents\sushi\NID_PUBLISH_Hl7\NID_Origin and publish to C:\Users\franco.ulloa\Documents\sushi\NID_PUBLISH_Hl7\temp\web-root\run-20250404\
Prepare Build space in C:\Users\franco.ulloa\Documents\sushi\NID_PUBLISH_Hl7\temp\ig-builds\hl7.fhir.cl.minsal.nid#0.4.7
Build IG at C:\Users\franco.ulloa\Documents\sushi\NID_PUBLISH_Hl7\NID_Origin: final copy suitable for publication (in C:\Users\franco.ulloa\Documents\sushi\NID_PUBLISH_Hl7\temp\ig-builds\hl7.fhir.cl.minsal.nid#0.4.7)
FHIR IG Publisher Version 1.8.22 (Git# 3d9b32f2efa8). Built 2025-03-19T04:54:10.544Z (16 days old)  
Detected Java version: 11.0.24 from C:\Program Files\Java\jdk-11 on Windows 11/amd64 (64bit). 7884MB available
dir = C:\Users\franco.ulloa\Documents\sushi\NID_PUBLISH_Hl7\NID_Origin, path = C:\Users\franco.ulloa\AppData\Local\anaconda3;C:\Users\franco.ulloa\AppData\Local\anaconda3\Library\mingw-w64\bin;C:\Users\franco.ulloa\AppData\Local\anaconda3\Library\usr\bin;C:\Users\franco.ulloa\AppData\Local\anaconda3\Library\bin;C:\Users\franco.ulloa\AppData\Local\anaconda3\Scripts;C:\Users\franco.ulloa\AppData\Local\anaconda3\bin;C:\Users\franco.ulloa\AppData\Local\anaconda3\condabin;C:\Program Files\PowerShell\7;C:\Program Files\Common Files\Oracle\Java\javapath;C:\Oracle\product\19.0.0\client_1\bin;C:\WINDOWS\system32;C:\WINDOWS;C:\WINDOWS\System32\Wbem;C:\WINDOWS\System32\WindowsPowerShell\v1.0;C:\WINDOWS\System32\OpenSSH;C:\Users\franco.ulloa\AppData\Roaming\nvm;C:\Program Files\nodejs;C:\Program Files\Amazon\AWSCLIV2;C:\Program Files\Java\jdk-21\bin;C:\apache-maven-3.9.6\bin;C:\Program Files (x86)\Agfa\IMPAX RIS\RIS 6.4.3;C:\Program Files (x86)\Agfa\IMPAX RIS\RIS 6.4.3\Axis2c\lib;C:\Program Files\PowerShell\7;C:\Program Files\Git LFS;C:\Program Files\Docker\Docker\resources\bin;C:\Program Files\Git\cmd;C:\Ruby32-x64\bin;C:\Users\franco.ulloa\AppData\Local\Microsoft\WindowsApps;C:\Users\franco.ulloa\AppData\Roaming\nvm;C:\Program Files\nodejs;C:\Users\franco.ulloa\AppData\Local\Programs\Microsoft VS Code\bin;C:\Program Files\JetBrains\DataGrip 2023.3.3\bin;.;C:\Program Files\Java\jdk-21;C:\Program Files\Java\jdk-21\bin;C:\apache-maven-3.9.6\bin;C:\Program Files\FHIRServer;.
Parameters: -ig C:\Users\franco.ulloa\Documents\sushi\NID_PUBLISH_Hl7\temp\ig-builds\hl7.fhir.cl.minsal.nid#0.4.7 -resetTx -publish https://interoperabilidad.minsal.cl/fhir/ig/nid/0.4.7 -no-exit
Character encoding = UTF-8 / UTF-8                                                                  
Start Clock @ viernes, 4 de abril de 2025, 15:27:00 (hora de verano de Chile) (2025-04-04T15:27:00-03:00)
                                                                                                    
Build FHIR IG from C:\Users\franco.ulloa\Documents\sushi\NID_PUBLISH_Hl7\temp\ig-builds\hl7.fhir.cl.minsal.nid#0.4.7 (00:00.650 / 00:00.650, 180Mb)
Build Formal Publication package, intended for https://interoperabilidad.minsal.cl/fhir/ig/nid/0.4.7 (00:00.004 / 00:00.654, 180Mb)
API keys loaded from C:\Users\franco.ulloa\.fhir\fhir-settings.json                                  (00:00.002 / 00:00.657, 180Mb)
Package Cache: C:\Users\franco.ulloa\.fhir\packages                                                  (00:00.005 / 00:00.662, 180Mb)
Run Sushi on C:\Users\franco.ulloa\Documents\sushi\NID_PUBLISH_Hl7\temp\ig-builds\hl7.fhir.cl.minsal.nid#0.4.7 (00:00.005 / 00:00.668, 180Mb)
Sushi: info  Running SUSHI v3.15.0 (implements FHIR Shorthand specification v3.0.0)                  (00:01.579 / 00:02.247, 183Mb)
Sushi: info  Arguments:                                                                              (00:00.002 / 00:02.249, 183Mb)
Sushi: info    --require-latest                                                                      (00:00.001 / 00:02.251, 183Mb)
Sushi: info    --out C:\Users\franco.ulloa\Documents\sushi\NID_PUBLISH_Hl7\temp\ig-builds\hl7.fhir.cl.minsal.nid#0.4.7 (00:00.002 / 00:02.253, 183Mb)
Sushi: info    C:\Users\franco.ulloa\Documents\sushi\NID_PUBLISH_Hl7\temp\ig-builds\hl7.fhir.cl.minsal.nid#0.4.7 (00:00.002 / 00:02.256, 183Mb)
Sushi: info  Using configuration file: C:\Users\franco.ulloa\Documents\sushi\NID_PUBLISH_Hl7\temp\ig-builds\hl7.fhir.cl.minsal.nid#0.4.7\sushi-config.yaml (00:01.641 / 00:03.898, 183Mb)
Sushi: info  Importing FSH text...                                                                   (00:00.163 / 00:04.061, 183Mb)
Sushi: info  Preprocessed 58 documents with 3 aliases.                                               (00:00.682 / 00:04.744, 183Mb)
Sushi: info  Imported 75 definitions and 87 instances.                                               (00:00.088 / 00:04.833, 183Mb)
Sushi: info  Loaded virtual package sushi-r5forR4#1.0.0 with 7 resources                             (00:00.146 / 00:04.980, 183Mb)
Sushi: info  Resolved hl7.fhir.uv.tools.r4#latest to concrete version 0.4.1                          (00:01.081 / 00:06.061, 183Mb)
Sushi: info  Loaded hl7.fhir.uv.tools.r4#0.4.1 with 86 resources                                     (00:00.094 / 00:06.156, 183Mb)
Sushi: info  Resolved hl7.terminology.r4#latest to concrete version 6.2.0                            (00:00.226 / 00:06.382, 183Mb)
Sushi: info  Loaded hl7.terminology.r4#6.2.0 with 4323 resources                                     (00:02.610 / 00:08.992, 183Mb)
Sushi: info  Resolved hl7.fhir.uv.extensions.r4#latest to concrete version 5.2.0                     (00:00.297 / 00:09.289, 183Mb)
Sushi: info  Loaded hl7.fhir.uv.extensions.r4#5.2.0 with 759 resources                               (00:00.544 / 00:09.833, 183Mb)
Sushi: info  Loaded hl7.fhir.cl.clcore#1.9.2 with 72 resources                                       (00:00.060 / 00:09.894, 183Mb)
Sushi: info  Loaded ihe.iti.pixm#3.0.4 with 16 resources                                             (00:00.036 / 00:09.931, 183Mb)
Sushi: info  Loaded ihe.iti.pdqm#3.0.0 with 15 resources                                             (00:00.018 / 00:09.950, 183Mb)
Sushi: info  Loaded hl7.fhir.r4.core#4.0.1 with 4581 resources                                       (00:02.490 / 00:12.441, 183Mb)
Sushi: info  Loaded virtual package sushi-local#LOCAL with 0 resources                               (00:00.008 / 00:12.449, 183Mb)
Sushi: info  Converting FSH to FHIR resources...                                                     (00:00.025 / 00:12.475, 183Mb)
Sushi: info  Converted 26 FHIR StructureDefinitions.                                                 (00:04.459 / 00:16.934, 183Mb)
Sushi: info  Converted 23 FHIR CodeSystems.                                                          (00:01.130 / 00:18.065, 183Mb)
Sushi: info  Converted 26 FHIR ValueSets.                                                            (00:01.549 / 00:19.615, 183Mb)
Sushi: info  Converted 87 FHIR instances.                                                            (00:04.471 / 00:24.087, 183Mb)
Sushi: info  Exporting FHIR resources as JSON...                                                     (00:00.001 / 00:24.088, 183Mb)
Sushi: info  Exported 108 FHIR resources as JSON.                                                    (00:00.230 / 00:24.319, 183Mb)
Sushi: info  Assembling Implementation Guide sources...                                              (00:00.006 / 00:24.326, 183Mb)
Sushi: info  Generated ImplementationGuide-hl7.fhir.cl.minsal.nid.json                               (00:00.243 / 00:24.569, 183Mb)
Sushi: info  Assembled Implementation Guide sources; ready for IG Publisher.                         (00:00.002 / 00:24.571, 183Mb)
Sushi: ========================= SUSHI RESULTS ===========================                           (00:00.003 / 00:24.574, 183Mb)
Sushi: |  -------------------------------------------------------------  |                           (00:00.002 / 00:24.577, 183Mb)
Sushi: | |    Profiles   |  Extensions  |   Logicals   |   Resources   | |                           (00:00.001 / 00:24.579, 183Mb)
Sushi: | |-------------------------------------------------------------| |                           (00:00.002 / 00:24.582, 183Mb)
Sushi: | |      19       |      7       |      0       |       0       | |                           (00:00.001 / 00:24.583, 183Mb)
Sushi: |  -------------------------------------------------------------  |                           (00:00.001 / 00:24.585, 183Mb)
Sushi: |  -------------------------------------------------------------  |                           (00:00.001 / 00:24.587, 183Mb)
Sushi: | |      ValueSets     |    CodeSystems    |     Instances      | |                           (00:00.002 / 00:24.589, 183Mb)
Sushi: | |-------------------------------------------------------------| |                           (00:00.002 / 00:24.592, 183Mb)
Sushi: | |         26         |        23         |         87         | |                           (00:00.002 / 00:24.594, 183Mb)
Sushi: |  -------------------------------------------------------------  |                           (00:00.002 / 00:24.596, 183Mb)
Sushi: |                                                                 |                           (00:00.001 / 00:24.598, 183Mb)
Sushi: ===================================================================                           (00:00.001 / 00:24.599, 183Mb)
Sushi: | You've earned a seal of approval.      0 Errors      0 Warnings |                           (00:00.001 / 00:24.601, 183Mb)
Sushi: ===================================================================                           (00:00.001 / 00:24.602, 183Mb)
Unable to load IG as an r5 IG - try R4 (property code is a class com.google.gson.JsonPrimitive looking for an object) (00:00.629 / 00:25.232, 39Mb)
Load Template from hl7chile-ig-template                                                              (00:00.663 / 00:25.895, 28Mb)
 Load Template from fhir.base.template#current                                                       (00:01.047 / 00:26.942, 73Mb)
Root directory: C:\Users\franco.ulloa\Documents\sushi\NID_PUBLISH_Hl7\temp\ig-builds\hl7.fhir.cl.minsal.nid#0.4.7 (00:07.245 / 00:34.188, 108Mb)
Terminology Cache is at C:\Users\franco.ulloa\Documents\sushi\NID_PUBLISH_Hl7\temp\ig-builds\hl7.fhir.cl.minsal.nid#0.4.7\input-cache\txcache. Clearing now (00:07.150 / 00:41.338, 128Mb)
Core Package hl7.fhir.r4.core#4.0.1
Running Terminology Log: C:\Users\FRANCO~1.ULL\AppData\Local\Temp\ohfu-fhir-ig-1625781053867164402.log
Connect to Terminology Server at http://tx.fhir.org                                                  (00:03.956 / 00:45.295, 238Mb)
Load Package hl7.fhir.pubpack#0.2.1
Load Package hl7.fhir.xver-extensions#0.1.0
Load Package hl7.terminology.r4#6.2.0
Load Package hl7.fhir.uv.extensions.r4#5.2.0
Load Package hl7.terminology.r4#6.1.0
Load Package hl7.fhir.uv.extensions.r4#5.1.0
Load Package hl7.fhir.cl.clcore#1.9.2
Load Package hl7.terminology.r4#5.3.0
Load Package hl7.fhir.uv.extensions.r4#1.0.0
Load Package ihe.iti.balp#1.1.3
Load Package ihe.iti.pixm#3.0.4
Load Package ihe.iti.balp#1.1.3
Load Package ihe.iti.pdqm#3.0.0
Load Package hl7.fhir.uv.tools.r4#0.4.1
Load R5 Specials
Initialization complete                                                                              (00:25.964 / 01:11.260, 870Mb)
Load Content                                                                                         (00:00.002 / 01:11.263, 870Mb)
Using es_CL as the default narrative language. (inferred from ImplementationGuide.jurisdiction=CL)   (00:00.195 / 01:11.458, 514Mb)
Process Loaded Resources                                                                             (00:02.673 / 01:14.131, 661Mb)
Generating Snapshots                                                                                 (00:00.877 / 01:15.008, 781Mb)
loadPrePages from FetchedFile[C:\Users\franco.ulloa\Documents\sushi\NID_PUBLISH_Hl7\temp\ig-builds\hl7.fhir.cl.minsal.nid#0.4.7\fsh-generated\includes] as C:\Users\franco.ulloa\Documents\sushi\NID_PUBLISH_Hl7\temp\ig-builds\hl7.fhir.cl.minsal.nid#0.4.7\fsh-generated\includes
loadPrePages from FetchedFile[C:\Users\franco.ulloa\Documents\sushi\NID_PUBLISH_Hl7\temp\ig-builds\hl7.fhir.cl.minsal.nid#0.4.7\input\data] as C:\Users\franco.ulloa\Documents\sushi\NID_PUBLISH_Hl7\temp\ig-builds\hl7.fhir.cl.minsal.nid#0.4.7\input\data
loadPrePages from FetchedFile[C:\Users\franco.ulloa\Documents\sushi\NID_PUBLISH_Hl7\temp\ig-builds\hl7.fhir.cl.minsal.nid#0.4.7\input\pagecontent] as C:\Users\franco.ulloa\Documents\sushi\NID_PUBLISH_Hl7\temp\ig-builds\hl7.fhir.cl.minsal.nid#0.4.7\input\pagecontent
Fetch https://interoperabilidad.minsal.cl/fhir/ig/nid/package-list.json for version check            (00:02.152 / 01:17.161, 743Mb)
Processing Conformance Resources                                                                     (00:00.201 / 01:17.363, 759Mb)
Checking Language                                                                                    (00:00.002 / 01:17.365, 759Mb)
Load Dependency Info                                                                                 (00:00.004 / 01:17.370, 759Mb)
Load Info                                                                                            (00:00.009 / 01:17.379, 759Mb)
Load Paths                                                                                           (00:00.002 / 01:17.381, 760Mb)
Check R4 / R4B                                                                                       (00:00.001 / 01:17.383, 760Mb)
Assign Comparison Ids                                                                                (00:00.019 / 01:17.402, 766Mb)
Propagating status                                                                                   (00:00.001 / 01:17.404, 766Mb)
Generating Narratives                                                                                (00:00.002 / 01:17.406, 766Mb)
Validating Conformance Resources                                                                     (00:09.745 / 01:27.152, 762Mb)
Check profiles & code systems                                                                        (00:45.425 / 02:12.578, 1Gb)
Check realm rules                                                                                    (00:00.012 / 02:12.590, 1Gb)
Previous Version Comparison                                                                          (00:00.001 / 02:12.592, 1Gb)
org.hl7.fhir.exceptions.FHIRException: Error fetching the server's terminology capabilities
	at org.hl7.fhir.r4.utils.client.FHIRToolingClient.getTerminologyCapabilities(FHIRToolingClient.java:120)
	at org.hl7.fhir.convertors.txClient.TerminologyClientR4.getTerminologyCapabilities(TerminologyClientR4.java:77)
	at org.hl7.fhir.r5.terminologies.client.TerminologyClientContext.initialize(TerminologyClientContext.java:186)
	at org.hl7.fhir.r5.context.SimpleWorkerContext.connectToTSServer(SimpleWorkerContext.java:366)
	at org.hl7.fhir.igtools.publisher.comparators.PreviousVersionComparator.startChecks(PreviousVersionComparator.java:209)
	at org.hl7.fhir.igtools.publisher.Publisher.checkConformanceResources(Publisher.java:6459)
	at org.hl7.fhir.igtools.publisher.Publisher.loadConformance2(Publisher.java:6291)
	at org.hl7.fhir.igtools.publisher.Publisher.createIg(Publisher.java:1209)
	at org.hl7.fhir.igtools.publisher.Publisher.execute(Publisher.java:1045)
	at org.hl7.fhir.igtools.publisher.Publisher.main(Publisher.java:15216)
	at org.hl7.fhir.igtools.web.PublicationProcess.runBuild(PublicationProcess.java:1050)
	at org.hl7.fhir.igtools.web.PublicationProcess.doPublish(PublicationProcess.java:530)
	at org.hl7.fhir.igtools.web.PublicationProcess.publishInner2(PublicationProcess.java:443)
	at org.hl7.fhir.igtools.web.PublicationProcess.publishInner(PublicationProcess.java:248)
	at org.hl7.fhir.igtools.web.PublicationProcess.publish(PublicationProcess.java:127)
	at org.hl7.fhir.igtools.publisher.Publisher.main(Publisher.java:14969)
Caused by: java.net.SocketTimeoutException: timeout
	at okio.SocketAsyncTimeout.newTimeoutException(JvmOkio.kt:146)
	at okio.AsyncTimeout.access$newTimeoutException(AsyncTimeout.kt:161)
	at okio.AsyncTimeout$source$1.read(AsyncTimeout.kt:339)
	at okio.RealBufferedSource.indexOf(RealBufferedSource.kt:430)
	at okio.RealBufferedSource.readUtf8LineStrict(RealBufferedSource.kt:323)
	at okhttp3.internal.http1.HeadersReader.readLine(HeadersReader.kt:29)
	at okhttp3.internal.http1.Http1ExchangeCodec.readResponseHeaders(Http1ExchangeCodec.kt:180)
	at okhttp3.internal.connection.Exchange.readResponseHeaders(Exchange.kt:110)
	at okhttp3.internal.http.CallServerInterceptor.intercept(CallServerInterceptor.kt:93)
	at okhttp3.internal.http.RealInterceptorChain.proceed(RealInterceptorChain.kt:109)
	at okhttp3.internal.connection.ConnectInterceptor.intercept(ConnectInterceptor.kt:34)
	at okhttp3.internal.http.RealInterceptorChain.proceed(RealInterceptorChain.kt:109)
	at okhttp3.internal.cache.CacheInterceptor.intercept(CacheInterceptor.kt:95)
	at okhttp3.internal.http.RealInterceptorChain.proceed(RealInterceptorChain.kt:109)
	at okhttp3.internal.http.BridgeInterceptor.intercept(BridgeInterceptor.kt:83)
	at okhttp3.internal.http.RealInterceptorChain.proceed(RealInterceptorChain.kt:109)
	at okhttp3.internal.http.RetryAndFollowUpInterceptor.intercept(RetryAndFollowUpInterceptor.kt:76)
	at okhttp3.internal.http.RealInterceptorChain.proceed(RealInterceptorChain.kt:109)
	at org.hl7.fhir.utilities.http.okhttpimpl.RetryInterceptor.intercept(RetryInterceptor.java:59)
	at okhttp3.internal.http.RealInterceptorChain.proceed(RealInterceptorChain.kt:109)
	at org.hl7.fhir.utilities.http.okhttpimpl.LoggingInterceptor.intercept(LoggingInterceptor.java:46)
	at okhttp3.internal.http.RealInterceptorChain.proceed(RealInterceptorChain.kt:109)
	at okhttp3.internal.connection.RealCall.getResponseWithInterceptorChain$okhttp(RealCall.kt:201)
	at okhttp3.internal.connection.RealCall.execute(RealCall.kt:154)
	at org.hl7.fhir.utilities.http.ManagedFhirWebAccessor.httpCall(ManagedFhirWebAccessor.java:132)
	at org.hl7.fhir.r4.utils.client.network.FhirRequestBuilder.execute(FhirRequestBuilder.java:162)
	at org.hl7.fhir.r4.utils.client.network.Client.executeFhirRequest(Client.java:148)
	at org.hl7.fhir.r4.utils.client.network.Client.issueGetResourceRequest(Client.java:46)
	at org.hl7.fhir.r4.utils.client.FHIRToolingClient.getTerminologyCapabilities(FHIRToolingClient.java:117)
	... 15 more
Caused by: java.net.SocketTimeoutException: Read timed out
	at java.base/java.net.SocketInputStream.socketRead0(Native Method)
	at java.base/java.net.SocketInputStream.socketRead(SocketInputStream.java:115)
	at java.base/java.net.SocketInputStream.read(SocketInputStream.java:168)
	at java.base/java.net.SocketInputStream.read(SocketInputStream.java:140)
	at okio.InputStreamSource.read(JvmOkio.kt:93)
	at okio.AsyncTimeout$source$1.read(AsyncTimeout.kt:128)
	... 41 more
org.hl7.fhir.exceptions.TerminologyServiceException: org.hl7.fhir.exceptions.FHIRException: Error fetching the server's terminology capabilities
	at org.hl7.fhir.r5.context.SimpleWorkerContext.connectToTSServer(SimpleWorkerContext.java:378)
	at org.hl7.fhir.igtools.publisher.comparators.PreviousVersionComparator.startChecks(PreviousVersionComparator.java:209)
	at org.hl7.fhir.igtools.publisher.Publisher.checkConformanceResources(Publisher.java:6459)
	at org.hl7.fhir.igtools.publisher.Publisher.loadConformance2(Publisher.java:6291)
	at org.hl7.fhir.igtools.publisher.Publisher.createIg(Publisher.java:1209)
	at org.hl7.fhir.igtools.publisher.Publisher.execute(Publisher.java:1045)
	at org.hl7.fhir.igtools.publisher.Publisher.main(Publisher.java:15216)
	at org.hl7.fhir.igtools.web.PublicationProcess.runBuild(PublicationProcess.java:1050)
	at org.hl7.fhir.igtools.web.PublicationProcess.doPublish(PublicationProcess.java:530)
	at org.hl7.fhir.igtools.web.PublicationProcess.publishInner2(PublicationProcess.java:443)
	at org.hl7.fhir.igtools.web.PublicationProcess.publishInner(PublicationProcess.java:248)
	at org.hl7.fhir.igtools.web.PublicationProcess.publish(PublicationProcess.java:127)
	at org.hl7.fhir.igtools.publisher.Publisher.main(Publisher.java:14969)
Caused by: org.hl7.fhir.exceptions.FHIRException: Error fetching the server's terminology capabilities
	at org.hl7.fhir.r4.utils.client.FHIRToolingClient.getTerminologyCapabilities(FHIRToolingClient.java:120)
	at org.hl7.fhir.convertors.txClient.TerminologyClientR4.getTerminologyCapabilities(TerminologyClientR4.java:77)
	at org.hl7.fhir.r5.terminologies.client.TerminologyClientContext.initialize(TerminologyClientContext.java:186)
	at org.hl7.fhir.r5.context.SimpleWorkerContext.connectToTSServer(SimpleWorkerContext.java:366)
	... 12 more
Caused by: java.net.SocketTimeoutException: timeout
	at okio.SocketAsyncTimeout.newTimeoutException(JvmOkio.kt:146)
	at okio.AsyncTimeout.access$newTimeoutException(AsyncTimeout.kt:161)
	at okio.AsyncTimeout$source$1.read(AsyncTimeout.kt:339)
	at okio.RealBufferedSource.indexOf(RealBufferedSource.kt:430)
	at okio.RealBufferedSource.readUtf8LineStrict(RealBufferedSource.kt:323)
	at okhttp3.internal.http1.HeadersReader.readLine(HeadersReader.kt:29)
	at okhttp3.internal.http1.Http1ExchangeCodec.readResponseHeaders(Http1ExchangeCodec.kt:180)
	at okhttp3.internal.connection.Exchange.readResponseHeaders(Exchange.kt:110)
	at okhttp3.internal.http.CallServerInterceptor.intercept(CallServerInterceptor.kt:93)
	at okhttp3.internal.http.RealInterceptorChain.proceed(RealInterceptorChain.kt:109)
	at okhttp3.internal.connection.ConnectInterceptor.intercept(ConnectInterceptor.kt:34)
	at okhttp3.internal.http.RealInterceptorChain.proceed(RealInterceptorChain.kt:109)
	at okhttp3.internal.cache.CacheInterceptor.intercept(CacheInterceptor.kt:95)
	at okhttp3.internal.http.RealInterceptorChain.proceed(RealInterceptorChain.kt:109)
	at okhttp3.internal.http.BridgeInterceptor.intercept(BridgeInterceptor.kt:83)
	at okhttp3.internal.http.RealInterceptorChain.proceed(RealInterceptorChain.kt:109)
	at okhttp3.internal.http.RetryAndFollowUpInterceptor.intercept(RetryAndFollowUpInterceptor.kt:76)
	at okhttp3.internal.http.RealInterceptorChain.proceed(RealInterceptorChain.kt:109)
	at org.hl7.fhir.utilities.http.okhttpimpl.RetryInterceptor.intercept(RetryInterceptor.java:59)
	at okhttp3.internal.http.RealInterceptorChain.proceed(RealInterceptorChain.kt:109)
	at org.hl7.fhir.utilities.http.okhttpimpl.LoggingInterceptor.intercept(LoggingInterceptor.java:46)
	at okhttp3.internal.http.RealInterceptorChain.proceed(RealInterceptorChain.kt:109)
	at okhttp3.internal.connection.RealCall.getResponseWithInterceptorChain$okhttp(RealCall.kt:201)
	at okhttp3.internal.connection.RealCall.execute(RealCall.kt:154)
	at org.hl7.fhir.utilities.http.ManagedFhirWebAccessor.httpCall(ManagedFhirWebAccessor.java:132)
	at org.hl7.fhir.r4.utils.client.network.FhirRequestBuilder.execute(FhirRequestBuilder.java:162)
	at org.hl7.fhir.r4.utils.client.network.Client.executeFhirRequest(Client.java:148)
	at org.hl7.fhir.r4.utils.client.network.Client.issueGetResourceRequest(Client.java:46)
	at org.hl7.fhir.r4.utils.client.FHIRToolingClient.getTerminologyCapabilities(FHIRToolingClient.java:117)
	... 15 more
Caused by: java.net.SocketTimeoutException: Read timed out
	at java.base/java.net.SocketInputStream.socketRead0(Native Method)
	at java.base/java.net.SocketInputStream.socketRead(SocketInputStream.java:115)
	at java.base/java.net.SocketInputStream.read(SocketInputStream.java:168)
	at java.base/java.net.SocketInputStream.read(SocketInputStream.java:140)
	at okio.InputStreamSource.read(JvmOkio.kt:93)
	at okio.AsyncTimeout$source$1.read(AsyncTimeout.kt:128)
	... 41 more
Validating Resources                                                                                 (00:16.855 / 02:29.447, 1Gb)
Processing Provenance Records                                                                        (00:03.149 / 02:32.597, 1Gb)
Generating Outputs in C:\Users\franco.ulloa\Documents\sushi\NID_PUBLISH_Hl7\temp\ig-builds\hl7.fhir.cl.minsal.nid#0.4.7\output (00:00.001 / 02:32.599, 1Gb)
Warning @ Unable to read the git branch: not a git repository (or any of the parent directories): .git
Warning @ Unable to read the git source: not a git repository (or any of the parent directories): .git
Generate Native Outputs                                                                              (00:00.353 / 02:32.953, 1Gb)
Run Template                                                                                         (00:22.107 / 02:55.060, 1Gb)
Generate HTML Outputs                                                                                (00:02.800 / 02:57.861, 1Gb)
Generate Spreadsheets                                                                                (00:30.649 / 03:28.510, 1Gb)
Generate Summaries                                                                                   (00:06.440 / 03:34.950, 1Gb)
Generating Summary Outputs                                                                           (00:00.001 / 03:34.951, 1Gb)
DB Cumulative Time invested: 00:00:05.881
Sending Usage Stats to Server                                                                        (00:40.944 / 04:15.896, 1Gb)
## Memory (MB): Use = 1638, Free = 527, Total = 2166, Max = 7884                                     (00:00.010 / 04:15.907, 1Gb)
Reclaiming memory...                                                                                 (00:00.002 / 04:15.909, 1Gb)
## Memory (MB): Use = 1288, Free = 885, Total = 2174, Max = 7884                                     (00:00.973 / 04:16.882, 1Gb)
Run jekyll: jekyll build --destination "C:\Users\franco.ulloa\Documents\sushi\NID_PUBLISH_Hl7\temp\ig-builds\hl7.fhir.cl.minsal.nid#0.4.7\output" (in folder C:\Users\franco.ulloa\Documents\sushi\NID_PUBLISH_Hl7\temp\ig-builds\hl7.fhir.cl.minsal.nid#0.4.7\temp\pages) (00:00.003 / 04:16.886, 1Gb)
Due to a known issue, Jekyll errors are lost between Java and Ruby in windows systems.               (00:00.004 / 04:16.890, 1Gb)
If the build process hangs at this point, you have to go to a                                        (00:00.001 / 04:16.892, 1Gb)
command prompt, and then run these two commands:                                                     (00:00.002 / 04:16.894, 1Gb)
                                                                                                     (00:00.001 / 04:16.896, 1Gb)
cd C:\Users\franco.ulloa\Documents\sushi\NID_PUBLISH_Hl7\temp\ig-builds\hl7.fhir.cl.minsal.nid#0.4.7\temp\pages (00:00.001 / 04:16.898, 1Gb)
jekyll build --destination "C:\Users\franco.ulloa\Documents\sushi\NID_PUBLISH_Hl7\temp\ig-builds\hl7.fhir.cl.minsal.nid#0.4.7\output" (00:00.002 / 04:16.900, 1Gb)
                                                                                                     (00:00.003 / 04:16.904, 1Gb)
and then investigate why Jekyll has failed                                                           (00:00.002 / 04:16.906, 1Gb)
Troubleshooting Note: usual cases for Jekyll to fail are:                                            (00:00.002 / 04:16.909, 1Gb)
* A failure to produce a fragment that is already logged in the output above                         (00:00.002 / 04:16.911, 1Gb)
* A reference to a manually edited file that hasn't been provided                                    (00:00.002 / 04:16.913, 1Gb)
Jekyll: Source: C:/Users/franco.ulloa/Documents/sushi/NID_PUBLISH_Hl7/temp/ig-builds/hl7.fhir.cl.minsal.nid#0.4.7/temp/pages (00:03.106 / 04:20.020, 1Gb)
Jekyll: Generating...                                                                                (00:00.002 / 04:20.023, 1Gb)
Jekyll: done in 12.273 seconds.                                                                      (00:12.271 / 04:32.295, 1Gb)

Installing hl7.fhir.cl.minsal.nid#0.4.7
Sending usage stats failed: Connection timed out: connect
 done.
Checking Output HTML                                                                                 (00:11.142 / 04:43.437, 1Gb)
found 1879 files                                                                                     (00:00.114 / 04:43.552, 1Gb)
........................................
........................................
  ... 1879 html files, 0 pages invalid xhtml (0%)                                                    (00:19.388 / 05:02.940, 3Gb)
  ... 414716 links, 0 broken links (0%)                                                              (00:00.001 / 05:02.942, 3Gb)
Generate fragment-usage-analysis.csv                                                                 (00:00.001 / 05:02.943, 3Gb)
Build final .zip                                                                                     (00:00.009 / 05:02.953, 3Gb)
Final .zip built                                                                                     (00:04.652 / 05:07.605, 3Gb)
Built. Times: loading: 00:06.098, generate: 04:09.140, narrative generation: 00:09.743, realm-rules: 00:00.001, previous-version: 00:16.809, jekyll: 00:15.454, validation: 00:48.451 (#109), template: 00:02.825 (#3) (00:18.934 / 05:26.540, 2Gb)
Generating QA                                                                                        (00:00.003 / 05:26.543, 2Gb)
Validation output in C:\Users\franco.ulloa\Documents\sushi\NID_PUBLISH_Hl7\temp\ig-builds\hl7.fhir.cl.minsal.nid#0.4.7\output\qa.html
Errors: 0, Warnings: 9, Info: 6, Broken Links: 0 (00:00.784 / 05:27.328, 3Gb)
Finished. Max Memory Used = 3Gb. Log file saved in C:\Users\FRANCO~1.ULL\AppData\Local\Temp\fhir-ig-publisher-tmp.log (00:00.019 / 05:27.348, 3Gb)
Keep a copy of the build directory at C:\Users\franco.ulloa\Documents\sushi\NID_PUBLISH_Hl7\temp\web-root\run-20250404\ig-build-zips\hl7.fhir.cl.minsal.nid#0.4.7.zip

ok. All checks passed. Publish v0.4.7 to C:\Users\franco.ulloa\Documents\sushi\NID_PUBLISH_Hl7\temp\web-root\run-20250404\0.4.7
Copy the IG to C:\Users\franco.ulloa\Documents\sushi\NID_PUBLISH_Hl7\temp\web-root\run-20250404\0.4.7
Update C:\Users\franco.ulloa\Documents\sushi\NID_PUBLISH_Hl7\temp\web-root\run-20250404\package-list.json
Publish Box Statement: This page is part of the Núcleo de Interoperabilidad de Datos (NID) - MINSAL (v0.4.7: <a no-external="true" href="https://confluence.hl7.org/display/HL7/HL7+Balloting" title="Standard for Trial-Use">STU</a>1 Draft) based on <a no-external="true" href="http://hl7.org/fhir/R4">FHIR (HL7® FHIR® Standard) R4</a>. No current official version has been published yet.  For a full list of available versions, see the <a no-external="true" href="https://interoperabilidad.minsal.cl/fhir/ig/nid/history.html">Directory of published versions</a>
  .. 705 files checked, 705 updated
  .. 373 clones checked, 746 updated
  .. 17 redirections (17 created/updated)
[Fatal Error] :79:1: XML document structures must start and end within the same entity.
Unable to process RSS feed C:\Users\franco.ulloa\Documents\sushi\NID_PUBLISH_Hl7\temp\web-root\run-20250404\publication-feed.xml as XML - processing as text instead (XML document structures must start and end within the same entity.)
Error in package-list.json:path to build.fhir.org should not use https://
hl7.fhir.cl.minsal.nid (https://interoperabilidad.minsal.cl/fhir/ig/nid): Núcleo de Interoperabilidad de Datos (NID) - MINSAL @ http://build.fhir.org/ig/Minsal-CL/NID
  candidate: STU1 Draft 0.4.7/4.0.1 @ https://interoperabilidad.minsal.cl/fhir/ig/nid/0.4.7
Build is complete. Copy from C:\Users\franco.ulloa\Documents\sushi\NID_PUBLISH_Hl7\temp\web-root\run-20250404
Update history page at C:\Users\franco.ulloa\Documents\sushi\NID_PUBLISH_Hl7\temp\web-root\run-20250404\ from C:\Users\franco.ulloa\Documents\sushi\NID_PUBLISH_Hl7\fhir-ig-history-template-master and C:/Users/franco.ulloa/Documents/sushi/NID_PUBLISH_Hl7/nid/templates
